{"C:\\Users\\Mosmos\\ProjetM2\\TravelAI\\src\\components\\custom\\Header.jsx": {"path":"C:\\Users\\Mosmos\\ProjetM2\\TravelAI\\src\\components\\custom\\Header.jsx","statementMap":{"0":{"start":{"line":12,"column":15},"end":{"line":12,"column":85}},"1":{"start":{"line":13,"column":14},"end":{"line":13,"column":39}},"2":{"start":{"line":14,"column":12},"end":{"line":14,"column":39}},"3":{"start":{"line":15,"column":2},"end":{"line":15,"column":15}},"4":{"start":{"line":16,"column":2},"end":{"line":16,"column":24}},"5":{"start":{"line":17,"column":2},"end":{"line":17,"column":31}},"6":{"start":{"line":18,"column":2},"end":{"line":18,"column":12}},"7":{"start":{"line":19,"column":2},"end":{"line":19,"column":31}},"8":{"start":{"line":20,"column":2},"end":{"line":20,"column":27}},"9":{"start":{"line":25,"column":26},"end":{"line":31,"column":4}},"10":{"start":{"line":26,"column":4},"end":{"line":30,"column":5}},"11":{"start":{"line":27,"column":6},"end":{"line":27,"column":54}},"12":{"start":{"line":29,"column":6},"end":{"line":29,"column":18}},"13":{"start":{"line":34,"column":2},"end":{"line":44,"column":9}},"14":{"start":{"line":35,"column":20},"end":{"line":41,"column":5}},"15":{"start":{"line":36,"column":6},"end":{"line":40,"column":7}},"16":{"start":{"line":37,"column":8},"end":{"line":37,"column":58}},"17":{"start":{"line":39,"column":8},"end":{"line":39,"column":22}},"18":{"start":{"line":42,"column":4},"end":{"line":42,"column":48}},"19":{"start":{"line":43,"column":4},"end":{"line":43,"column":64}},"20":{"start":{"line":43,"column":17},"end":{"line":43,"column":63}},"21":{"start":{"line":47,"column":36},"end":{"line":47,"column":51}},"22":{"start":{"line":48,"column":28},"end":{"line":48,"column":43}},"23":{"start":{"line":49,"column":28},"end":{"line":49,"column":40}},"24":{"start":{"line":51,"column":23},"end":{"line":51,"column":35}},"25":{"start":{"line":54,"column":16},"end":{"line":72,"column":4}},"26":{"start":{"line":56,"column":6},"end":{"line":67,"column":7}},"27":{"start":{"line":58,"column":25},"end":{"line":60,"column":9}},"28":{"start":{"line":61,"column":8},"end":{"line":61,"column":59}},"29":{"start":{"line":62,"column":8},"end":{"line":62,"column":22}},"30":{"start":{"line":63,"column":8},"end":{"line":63,"column":28}},"31":{"start":{"line":64,"column":8},"end":{"line":64,"column":21}},"32":{"start":{"line":66,"column":8},"end":{"line":66,"column":62}},"33":{"start":{"line":69,"column":19},"end":{"line":69,"column":66}},"34":{"start":{"line":75,"column":25},"end":{"line":82,"column":3}},"35":{"start":{"line":76,"column":4},"end":{"line":79,"column":5}},"36":{"start":{"line":77,"column":6},"end":{"line":77,"column":62}},"37":{"start":{"line":78,"column":6},"end":{"line":78,"column":13}},"38":{"start":{"line":80,"column":4},"end":{"line":80,"column":17}},"39":{"start":{"line":81,"column":4},"end":{"line":81,"column":12}},"40":{"start":{"line":85,"column":23},"end":{"line":89,"column":3}},"41":{"start":{"line":86,"column":4},"end":{"line":86,"column":19}},"42":{"start":{"line":87,"column":4},"end":{"line":87,"column":36}},"43":{"start":{"line":88,"column":4},"end":{"line":88,"column":18}},"44":{"start":{"line":92,"column":25},"end":{"line":95,"column":3}},"45":{"start":{"line":93,"column":17},"end":{"line":93,"column":36}},"46":{"start":{"line":94,"column":4},"end":{"line":94,"column":23}},"47":{"start":{"line":97,"column":2},"end":{"line":200,"column":4}},"48":{"start":{"line":151,"column":29},"end":{"line":151,"column":47}},"49":{"start":{"line":176,"column":29},"end":{"line":176,"column":55}}},"fnMap":{"0":{"name":"downloadJSON","decl":{"start":{"line":11,"column":9},"end":{"line":11,"column":21}},"loc":{"start":{"line":11,"column":62},"end":{"line":21,"column":1}},"line":11},"1":{"name":"Header","decl":{"start":{"line":23,"column":24},"end":{"line":23,"column":30}},"loc":{"start":{"line":23,"column":33},"end":{"line":201,"column":1}},"line":23},"2":{"name":"(anonymous_2)","decl":{"start":{"line":25,"column":35},"end":{"line":25,"column":36}},"loc":{"start":{"line":25,"column":41},"end":{"line":31,"column":3}},"line":25},"3":{"name":"(anonymous_3)","decl":{"start":{"line":34,"column":12},"end":{"line":34,"column":13}},"loc":{"start":{"line":34,"column":18},"end":{"line":44,"column":3}},"line":34},"4":{"name":"(anonymous_4)","decl":{"start":{"line":35,"column":20},"end":{"line":35,"column":21}},"loc":{"start":{"line":35,"column":26},"end":{"line":41,"column":5}},"line":35},"5":{"name":"(anonymous_5)","decl":{"start":{"line":43,"column":11},"end":{"line":43,"column":12}},"loc":{"start":{"line":43,"column":17},"end":{"line":43,"column":63}},"line":43},"6":{"name":"(anonymous_6)","decl":{"start":{"line":55,"column":15},"end":{"line":55,"column":16}},"loc":{"start":{"line":55,"column":43},"end":{"line":68,"column":5}},"line":55},"7":{"name":"(anonymous_7)","decl":{"start":{"line":69,"column":13},"end":{"line":69,"column":14}},"loc":{"start":{"line":69,"column":19},"end":{"line":69,"column":66}},"line":69},"8":{"name":"(anonymous_8)","decl":{"start":{"line":75,"column":25},"end":{"line":75,"column":26}},"loc":{"start":{"line":75,"column":31},"end":{"line":82,"column":3}},"line":75},"9":{"name":"(anonymous_9)","decl":{"start":{"line":85,"column":23},"end":{"line":85,"column":24}},"loc":{"start":{"line":85,"column":29},"end":{"line":89,"column":3}},"line":85},"10":{"name":"(anonymous_10)","decl":{"start":{"line":92,"column":25},"end":{"line":92,"column":26}},"loc":{"start":{"line":92,"column":31},"end":{"line":95,"column":3}},"line":92},"11":{"name":"(anonymous_11)","decl":{"start":{"line":151,"column":23},"end":{"line":151,"column":24}},"loc":{"start":{"line":151,"column":29},"end":{"line":151,"column":47}},"line":151},"12":{"name":"(anonymous_12)","decl":{"start":{"line":176,"column":24},"end":{"line":176,"column":25}},"loc":{"start":{"line":176,"column":29},"end":{"line":176,"column":55}},"line":176}},"branchMap":{"0":{"loc":{"start":{"line":11,"column":27},"end":{"line":11,"column":60}},"type":"default-arg","locations":[{"start":{"line":11,"column":38},"end":{"line":11,"column":60}}],"line":11},"1":{"loc":{"start":{"line":76,"column":4},"end":{"line":79,"column":5}},"type":"if","locations":[{"start":{"line":76,"column":4},"end":{"line":79,"column":5}},{"start":{},"end":{}}],"line":76},"2":{"loc":{"start":{"line":118,"column":11},"end":{"line":156,"column":11}},"type":"cond-expr","locations":[{"start":{"line":119,"column":12},"end":{"line":148,"column":22}},{"start":{"line":150,"column":12},"end":{"line":155,"column":21}}],"line":118},"3":{"loc":{"start":{"line":183,"column":11},"end":{"line":183,"column":64}},"type":"binary-expr","locations":[{"start":{"line":183,"column":11},"end":{"line":183,"column":16}},{"start":{"line":183,"column":20},"end":{"line":183,"column":64}}],"line":183}},"s":{"0":0,"1":0,"2":0,"3":0,"4":0,"5":0,"6":0,"7":0,"8":0,"9":4,"10":3,"11":3,"12":0,"13":4,"14":3,"15":0,"16":0,"17":0,"18":3,"19":3,"20":3,"21":4,"22":4,"23":4,"24":4,"25":4,"26":0,"27":0,"28":0,"29":0,"30":0,"31":0,"32":0,"33":0,"34":4,"35":0,"36":0,"37":0,"38":0,"39":0,"40":4,"41":0,"42":0,"43":0,"44":4,"45":0,"46":0,"47":4,"48":1,"49":0},"f":{"0":0,"1":4,"2":3,"3":3,"4":0,"5":3,"6":0,"7":0,"8":0,"9":0,"10":0,"11":1,"12":0},"b":{"0":[0],"1":[0,0],"2":[1,3],"3":[4,0]},"_coverageSchema":"1a1c01bbd47fc00a2c39e90264f33305004495a9","hash":"e288a2abc2af77355acb11179058e5bd75b73313"}
,"C:\\Users\\Mosmos\\ProjetM2\\TravelAI\\src\\components\\custom\\Hero.jsx": {"path":"C:\\Users\\Mosmos\\ProjetM2\\TravelAI\\src\\components\\custom\\Hero.jsx","statementMap":{"0":{"start":{"line":10,"column":2},"end":{"line":44,"column":4}}},"fnMap":{"0":{"name":"Hero","decl":{"start":{"line":9,"column":24},"end":{"line":9,"column":28}},"loc":{"start":{"line":9,"column":31},"end":{"line":45,"column":1}},"line":9}},"branchMap":{},"s":{"0":1},"f":{"0":1},"b":{},"_coverageSchema":"1a1c01bbd47fc00a2c39e90264f33305004495a9","hash":"1972e1e9e402018aadfdbb733a9993b9680620e9"}
,"C:\\Users\\Mosmos\\ProjetM2\\TravelAI\\src\\components\\ui\\CookiesConsent.jsx": {"path":"C:\\Users\\Mosmos\\ProjetM2\\TravelAI\\src\\components\\ui\\CookiesConsent.jsx","statementMap":{"0":{"start":{"line":4,"column":26},"end":{"line":8,"column":1}},"1":{"start":{"line":12,"column":32},"end":{"line":19,"column":4}},"2":{"start":{"line":13,"column":4},"end":{"line":18,"column":5}},"3":{"start":{"line":14,"column":18},"end":{"line":14,"column":56}},"4":{"start":{"line":15,"column":6},"end":{"line":15,"column":42}},"5":{"start":{"line":17,"column":6},"end":{"line":17,"column":18}},"6":{"start":{"line":22,"column":2},"end":{"line":22,"column":49}},"7":{"start":{"line":22,"column":37},"end":{"line":22,"column":49}},"8":{"start":{"line":24,"column":20},"end":{"line":28,"column":3}},"9":{"start":{"line":25,"column":14},"end":{"line":25,"column":68}},"10":{"start":{"line":26,"column":4},"end":{"line":26,"column":62}},"11":{"start":{"line":27,"column":4},"end":{"line":27,"column":18}},"12":{"start":{"line":30,"column":20},"end":{"line":34,"column":3}},"13":{"start":{"line":31,"column":14},"end":{"line":31,"column":70}},"14":{"start":{"line":32,"column":4},"end":{"line":32,"column":62}},"15":{"start":{"line":33,"column":4},"end":{"line":33,"column":18}},"16":{"start":{"line":36,"column":20},"end":{"line":36,"column":57}},"17":{"start":{"line":36,"column":26},"end":{"line":36,"column":57}},"18":{"start":{"line":38,"column":21},"end":{"line":42,"column":3}},"19":{"start":{"line":39,"column":14},"end":{"line":39,"column":45}},"20":{"start":{"line":40,"column":4},"end":{"line":40,"column":62}},"21":{"start":{"line":41,"column":4},"end":{"line":41,"column":18}},"22":{"start":{"line":44,"column":2},"end":{"line":107,"column":4}},"23":{"start":{"line":75,"column":16},"end":{"line":75,"column":35}},"24":{"start":{"line":76,"column":29},"end":{"line":76,"column":71}},"25":{"start":{"line":77,"column":16},"end":{"line":80,"column":19}},"26":{"start":{"line":85,"column":16},"end":{"line":94,"column":22}}},"fnMap":{"0":{"name":"CookieConsent","decl":{"start":{"line":10,"column":24},"end":{"line":10,"column":37}},"loc":{"start":{"line":10,"column":40},"end":{"line":108,"column":1}},"line":10},"1":{"name":"(anonymous_1)","decl":{"start":{"line":12,"column":41},"end":{"line":12,"column":42}},"loc":{"start":{"line":12,"column":47},"end":{"line":19,"column":3}},"line":12},"2":{"name":"(anonymous_2)","decl":{"start":{"line":24,"column":20},"end":{"line":24,"column":21}},"loc":{"start":{"line":24,"column":26},"end":{"line":28,"column":3}},"line":24},"3":{"name":"(anonymous_3)","decl":{"start":{"line":30,"column":20},"end":{"line":30,"column":21}},"loc":{"start":{"line":30,"column":26},"end":{"line":34,"column":3}},"line":30},"4":{"name":"(anonymous_4)","decl":{"start":{"line":36,"column":20},"end":{"line":36,"column":21}},"loc":{"start":{"line":36,"column":26},"end":{"line":36,"column":57}},"line":36},"5":{"name":"(anonymous_5)","decl":{"start":{"line":38,"column":21},"end":{"line":38,"column":22}},"loc":{"start":{"line":38,"column":34},"end":{"line":42,"column":3}},"line":38},"6":{"name":"(anonymous_6)","decl":{"start":{"line":74,"column":24},"end":{"line":74,"column":25}},"loc":{"start":{"line":74,"column":29},"end":{"line":81,"column":15}},"line":74},"7":{"name":"(anonymous_7)","decl":{"start":{"line":84,"column":53},"end":{"line":84,"column":54}},"loc":{"start":{"line":85,"column":16},"end":{"line":94,"column":22}},"line":85}},"branchMap":{"0":{"loc":{"start":{"line":15,"column":13},"end":{"line":15,"column":41}},"type":"cond-expr","locations":[{"start":{"line":15,"column":19},"end":{"line":15,"column":34}},{"start":{"line":15,"column":37},"end":{"line":15,"column":41}}],"line":15},"1":{"loc":{"start":{"line":22,"column":2},"end":{"line":22,"column":49}},"type":"if","locations":[{"start":{"line":22,"column":2},"end":{"line":22,"column":49}},{"start":{},"end":{}}],"line":22},"2":{"loc":{"start":{"line":22,"column":6},"end":{"line":22,"column":35}},"type":"binary-expr","locations":[{"start":{"line":22,"column":6},"end":{"line":22,"column":13}},{"start":{"line":22,"column":17},"end":{"line":22,"column":35}}],"line":22},"3":{"loc":{"start":{"line":47,"column":9},"end":{"line":104,"column":9}},"type":"cond-expr","locations":[{"start":{"line":48,"column":10},"end":{"line":69,"column":13}},{"start":{"line":71,"column":10},"end":{"line":103,"column":13}}],"line":47}},"s":{"0":1,"1":5,"2":3,"3":3,"4":3,"5":0,"6":5,"7":2,"8":3,"9":1,"10":1,"11":1,"12":3,"13":1,"14":1,"15":1,"16":3,"17":0,"18":3,"19":0,"20":0,"21":0,"22":3,"23":0,"24":0,"25":0,"26":0},"f":{"0":5,"1":3,"2":1,"3":1,"4":0,"5":0,"6":0,"7":0},"b":{"0":[0,3],"1":[2,3],"2":[5,2],"3":[3,0]},"_coverageSchema":"1a1c01bbd47fc00a2c39e90264f33305004495a9","hash":"6f63b64c2d861fed50e163fbe84c5f2a090ad162"}
,"C:\\Users\\Mosmos\\ProjetM2\\TravelAI\\src\\components\\ui\\button.tsx": {"path":"C:\\Users\\Mosmos\\ProjetM2\\TravelAI\\src\\components\\ui\\button.tsx","statementMap":{"0":{"start":{"line":12,"column":17},"end":{"line":44,"column":1}},"1":{"start":{"line":49,"column":22},"end":{"line":61,"column":2}},"2":{"start":{"line":53,"column":15},"end":{"line":53,"column":40}},"3":{"start":{"line":54,"column":2},"end":{"line":60,"column":3}}},"fnMap":{"0":{"name":"Button","decl":{"start":{"line":49,"column":42},"end":{"line":49,"column":48}},"loc":{"start":{"line":52,"column":2},"end":{"line":61,"column":1}},"line":52}},"branchMap":{"0":{"loc":{"start":{"line":50,"column":29},"end":{"line":50,"column":44}},"type":"default-arg","locations":[{"start":{"line":50,"column":39},"end":{"line":50,"column":44}}],"line":50},"1":{"loc":{"start":{"line":53,"column":15},"end":{"line":53,"column":40}},"type":"cond-expr","locations":[{"start":{"line":53,"column":25},"end":{"line":53,"column":29}},{"start":{"line":53,"column":32},"end":{"line":53,"column":40}}],"line":53}},"s":{"0":4,"1":4,"2":16,"3":16},"f":{"0":16},"b":{"0":[16],"1":[0,16]},"_coverageSchema":"1a1c01bbd47fc00a2c39e90264f33305004495a9","hash":"0222820d1e5253abf1155b742fd1ced496943075"}
,"C:\\Users\\Mosmos\\ProjetM2\\TravelAI\\src\\components\\ui\\dialog.tsx": {"path":"C:\\Users\\Mosmos\\ProjetM2\\TravelAI\\src\\components\\ui\\dialog.tsx","statementMap":{"0":{"start":{"line":7,"column":31},"end":{"line":7,"column":51}},"1":{"start":{"line":8,"column":31},"end":{"line":8,"column":54}},"2":{"start":{"line":9,"column":31},"end":{"line":9,"column":53}},"3":{"start":{"line":10,"column":31},"end":{"line":10,"column":52}},"4":{"start":{"line":13,"column":29},"end":{"line":22,"column":2}},"5":{"start":{"line":17,"column":2},"end":{"line":21,"column":4}},"6":{"start":{"line":23,"column":0},"end":{"line":23,"column":43}},"7":{"start":{"line":26,"column":29},"end":{"line":50,"column":2}},"8":{"start":{"line":30,"column":2},"end":{"line":49,"column":17}},"9":{"start":{"line":51,"column":0},"end":{"line":51,"column":43}},"10":{"start":{"line":56,"column":4},"end":{"line":58,"column":1}},"11":{"start":{"line":57,"column":2},"end":{"line":57,"column":75}},"12":{"start":{"line":59,"column":0},"end":{"line":59,"column":41}},"13":{"start":{"line":61,"column":27},"end":{"line":70,"column":2}},"14":{"start":{"line":65,"column":2},"end":{"line":69,"column":4}},"15":{"start":{"line":71,"column":0},"end":{"line":71,"column":39}},"16":{"start":{"line":73,"column":33},"end":{"line":82,"column":2}},"17":{"start":{"line":77,"column":2},"end":{"line":81,"column":4}},"18":{"start":{"line":83,"column":0},"end":{"line":83,"column":51}}},"fnMap":{"0":{"name":"(anonymous_0)","decl":{"start":{"line":16,"column":2},"end":{"line":16,"column":3}},"loc":{"start":{"line":17,"column":2},"end":{"line":21,"column":4}},"line":17},"1":{"name":"(anonymous_1)","decl":{"start":{"line":29,"column":2},"end":{"line":29,"column":3}},"loc":{"start":{"line":30,"column":2},"end":{"line":49,"column":17}},"line":30},"2":{"name":"(anonymous_2)","decl":{"start":{"line":56,"column":4},"end":{"line":56,"column":5}},"loc":{"start":{"line":57,"column":2},"end":{"line":57,"column":75}},"line":57},"3":{"name":"(anonymous_3)","decl":{"start":{"line":64,"column":2},"end":{"line":64,"column":3}},"loc":{"start":{"line":65,"column":2},"end":{"line":69,"column":4}},"line":65},"4":{"name":"(anonymous_4)","decl":{"start":{"line":76,"column":2},"end":{"line":76,"column":3}},"loc":{"start":{"line":77,"column":2},"end":{"line":81,"column":4}},"line":77}},"branchMap":{},"s":{"0":2,"1":2,"2":2,"3":2,"4":2,"5":16,"6":2,"7":2,"8":12,"9":2,"10":2,"11":1,"12":2,"13":2,"14":2,"15":2,"16":2,"17":2,"18":2},"f":{"0":16,"1":12,"2":1,"3":2,"4":2},"b":{},"_coverageSchema":"1a1c01bbd47fc00a2c39e90264f33305004495a9","hash":"d11fecb68c6902ca9ae3203dece92aff12cc552f"}
,"C:\\Users\\Mosmos\\ProjetM2\\TravelAI\\src\\components\\ui\\input.tsx": {"path":"C:\\Users\\Mosmos\\ProjetM2\\TravelAI\\src\\components\\ui\\input.tsx","statementMap":{"0":{"start":{"line":5,"column":14},"end":{"line":19,"column":1}},"1":{"start":{"line":7,"column":4},"end":{"line":17,"column":5}},"2":{"start":{"line":20,"column":0},"end":{"line":20,"column":27}}},"fnMap":{"0":{"name":"(anonymous_0)","decl":{"start":{"line":6,"column":2},"end":{"line":6,"column":3}},"loc":{"start":{"line":6,"column":42},"end":{"line":18,"column":3}},"line":6}},"branchMap":{},"s":{"0":1,"1":8,"2":1},"f":{"0":8},"b":{},"_coverageSchema":"1a1c01bbd47fc00a2c39e90264f33305004495a9","hash":"87bc616bf33641b934278e69ad54e03466936985"}
,"C:\\Users\\Mosmos\\ProjetM2\\TravelAI\\src\\components\\ui\\popover.tsx": {"path":"C:\\Users\\Mosmos\\ProjetM2\\TravelAI\\src\\components\\ui\\popover.tsx","statementMap":{"0":{"start":{"line":6,"column":16},"end":{"line":6,"column":37}},"1":{"start":{"line":8,"column":23},"end":{"line":8,"column":47}},"2":{"start":{"line":10,"column":23},"end":{"line":26,"column":2}},"3":{"start":{"line":14,"column":2},"end":{"line":25,"column":28}},"4":{"start":{"line":27,"column":0},"end":{"line":27,"column":65}}},"fnMap":{"0":{"name":"(anonymous_0)","decl":{"start":{"line":13,"column":2},"end":{"line":13,"column":3}},"loc":{"start":{"line":14,"column":2},"end":{"line":25,"column":28}},"line":14}},"branchMap":{"0":{"loc":{"start":{"line":13,"column":16},"end":{"line":13,"column":32}},"type":"default-arg","locations":[{"start":{"line":13,"column":24},"end":{"line":13,"column":32}}],"line":13},"1":{"loc":{"start":{"line":13,"column":34},"end":{"line":13,"column":48}},"type":"default-arg","locations":[{"start":{"line":13,"column":47},"end":{"line":13,"column":48}}],"line":13}},"s":{"0":1,"1":1,"2":1,"3":1,"4":1},"f":{"0":1},"b":{"0":[0],"1":[1]},"_coverageSchema":"1a1c01bbd47fc00a2c39e90264f33305004495a9","hash":"c3132f719c749409ed37a37be3e264d5633751ff"}
,"C:\\Users\\Mosmos\\ProjetM2\\TravelAI\\src\\constants\\options.jsx": {"path":"C:\\Users\\Mosmos\\ProjetM2\\TravelAI\\src\\constants\\options.jsx","statementMap":{"0":{"start":{"line":6,"column":34},"end":{"line":11,"column":3}},"1":{"start":{"line":13,"column":37},"end":{"line":17,"column":3}},"2":{"start":{"line":22,"column":27},"end":{"line":89,"column":3}}},"fnMap":{},"branchMap":{},"s":{"0":1,"1":1,"2":1},"f":{},"b":{},"_coverageSchema":"1a1c01bbd47fc00a2c39e90264f33305004495a9","hash":"7a5161f25f28c7116a6b2ce8952b4e4241adb24f"}
,"C:\\Users\\Mosmos\\ProjetM2\\TravelAI\\src\\create-trip\\index.jsx": {"path":"C:\\Users\\Mosmos\\ProjetM2\\TravelAI\\src\\create-trip\\index.jsx","statementMap":{"0":{"start":{"line":36,"column":2},"end":{"line":38,"column":4}},"1":{"start":{"line":39,"column":15},"end":{"line":39,"column":58}},"2":{"start":{"line":42,"column":28},"end":{"line":42,"column":42}},"3":{"start":{"line":43,"column":34},"end":{"line":43,"column":46}},"4":{"start":{"line":44,"column":38},"end":{"line":44,"column":53}},"5":{"start":{"line":45,"column":32},"end":{"line":45,"column":47}},"6":{"start":{"line":46,"column":46},"end":{"line":46,"column":61}},"7":{"start":{"line":47,"column":42},"end":{"line":47,"column":54}},"8":{"start":{"line":49,"column":19},"end":{"line":49,"column":32}},"9":{"start":{"line":50,"column":17},"end":{"line":50,"column":65}},"10":{"start":{"line":50,"column":27},"end":{"line":50,"column":65}},"11":{"start":{"line":50,"column":47},"end":{"line":50,"column":63}},"12":{"start":{"line":52,"column":16},"end":{"line":76,"column":4}},"13":{"start":{"line":54,"column":6},"end":{"line":71,"column":7}},"14":{"start":{"line":55,"column":25},"end":{"line":57,"column":9}},"15":{"start":{"line":58,"column":8},"end":{"line":58,"column":59}},"16":{"start":{"line":59,"column":8},"end":{"line":59,"column":55}},"17":{"start":{"line":61,"column":8},"end":{"line":65,"column":11}},"18":{"start":{"line":67,"column":8},"end":{"line":67,"column":29}},"19":{"start":{"line":68,"column":8},"end":{"line":68,"column":23}},"20":{"start":{"line":70,"column":8},"end":{"line":70,"column":64}},"21":{"start":{"line":73,"column":19},"end":{"line":73,"column":68}},"22":{"start":{"line":79,"column":4},"end":{"line":79,"column":21}},"23":{"start":{"line":81,"column":4},"end":{"line":85,"column":5}},"24":{"start":{"line":82,"column":6},"end":{"line":82,"column":26}},"25":{"start":{"line":83,"column":6},"end":{"line":83,"column":24}},"26":{"start":{"line":84,"column":6},"end":{"line":84,"column":13}},"27":{"start":{"line":87,"column":53},"end":{"line":87,"column":61}},"28":{"start":{"line":88,"column":4},"end":{"line":92,"column":5}},"29":{"start":{"line":89,"column":6},"end":{"line":89,"column":54}},"30":{"start":{"line":90,"column":6},"end":{"line":90,"column":24}},"31":{"start":{"line":91,"column":6},"end":{"line":91,"column":13}},"32":{"start":{"line":94,"column":19},"end":{"line":98,"column":34}},"33":{"start":{"line":100,"column":4},"end":{"line":117,"column":5}},"34":{"start":{"line":101,"column":18},"end":{"line":101,"column":48}},"35":{"start":{"line":102,"column":17},"end":{"line":102,"column":38}},"36":{"start":{"line":104,"column":6},"end":{"line":109,"column":9}},"37":{"start":{"line":111,"column":6},"end":{"line":111,"column":35}},"38":{"start":{"line":113,"column":6},"end":{"line":113,"column":25}},"39":{"start":{"line":114,"column":6},"end":{"line":114,"column":50}},"40":{"start":{"line":116,"column":6},"end":{"line":116,"column":24}},"41":{"start":{"line":120,"column":2},"end":{"line":288,"column":4}},"42":{"start":{"line":142,"column":24},"end":{"line":142,"column":36}},"43":{"start":{"line":143,"column":24},"end":{"line":143,"column":46}},"44":{"start":{"line":160,"column":37},"end":{"line":160,"column":71}},"45":{"start":{"line":170,"column":22},"end":{"line":182,"column":31}},"46":{"start":{"line":173,"column":39},"end":{"line":173,"column":64}},"47":{"start":{"line":191,"column":22},"end":{"line":203,"column":31}},"48":{"start":{"line":194,"column":39},"end":{"line":194,"column":67}},"49":{"start":{"line":248,"column":18},"end":{"line":248,"column":54}},"50":{"start":{"line":249,"column":18},"end":{"line":249,"column":38}},"51":{"start":{"line":262,"column":16},"end":{"line":265,"column":17}},"52":{"start":{"line":263,"column":18},"end":{"line":263,"column":69}},"53":{"start":{"line":264,"column":18},"end":{"line":264,"column":25}},"54":{"start":{"line":266,"column":16},"end":{"line":266,"column":24}}},"fnMap":{"0":{"name":"CreateTrip","decl":{"start":{"line":41,"column":24},"end":{"line":41,"column":34}},"loc":{"start":{"line":41,"column":37},"end":{"line":289,"column":1}},"line":41},"1":{"name":"(anonymous_1)","decl":{"start":{"line":50,"column":17},"end":{"line":50,"column":18}},"loc":{"start":{"line":50,"column":27},"end":{"line":50,"column":65}},"line":50},"2":{"name":"(anonymous_2)","decl":{"start":{"line":50,"column":39},"end":{"line":50,"column":40}},"loc":{"start":{"line":50,"column":47},"end":{"line":50,"column":63}},"line":50},"3":{"name":"(anonymous_3)","decl":{"start":{"line":53,"column":15},"end":{"line":53,"column":16}},"loc":{"start":{"line":53,"column":43},"end":{"line":72,"column":5}},"line":53},"4":{"name":"(anonymous_4)","decl":{"start":{"line":73,"column":13},"end":{"line":73,"column":14}},"loc":{"start":{"line":73,"column":19},"end":{"line":73,"column":68}},"line":73},"5":{"name":"generateTrip","decl":{"start":{"line":78,"column":17},"end":{"line":78,"column":29}},"loc":{"start":{"line":78,"column":32},"end":{"line":118,"column":3}},"line":78},"6":{"name":"(anonymous_6)","decl":{"start":{"line":141,"column":32},"end":{"line":141,"column":33}},"loc":{"start":{"line":141,"column":39},"end":{"line":144,"column":23}},"line":141},"7":{"name":"(anonymous_7)","decl":{"start":{"line":160,"column":30},"end":{"line":160,"column":31}},"loc":{"start":{"line":160,"column":37},"end":{"line":160,"column":71}},"line":160},"8":{"name":"(anonymous_8)","decl":{"start":{"line":169,"column":45},"end":{"line":169,"column":46}},"loc":{"start":{"line":170,"column":22},"end":{"line":182,"column":31}},"line":170},"9":{"name":"(anonymous_9)","decl":{"start":{"line":173,"column":33},"end":{"line":173,"column":34}},"loc":{"start":{"line":173,"column":39},"end":{"line":173,"column":64}},"line":173},"10":{"name":"(anonymous_10)","decl":{"start":{"line":190,"column":44},"end":{"line":190,"column":45}},"loc":{"start":{"line":191,"column":22},"end":{"line":203,"column":31}},"line":191},"11":{"name":"(anonymous_11)","decl":{"start":{"line":194,"column":33},"end":{"line":194,"column":34}},"loc":{"start":{"line":194,"column":39},"end":{"line":194,"column":67}},"line":194},"12":{"name":"(anonymous_12)","decl":{"start":{"line":247,"column":26},"end":{"line":247,"column":27}},"loc":{"start":{"line":247,"column":33},"end":{"line":250,"column":17}},"line":247},"13":{"name":"(anonymous_13)","decl":{"start":{"line":261,"column":23},"end":{"line":261,"column":24}},"loc":{"start":{"line":261,"column":29},"end":{"line":267,"column":15}},"line":261}},"branchMap":{"0":{"loc":{"start":{"line":36,"column":2},"end":{"line":38,"column":4}},"type":"binary-expr","locations":[{"start":{"line":36,"column":3},"end":{"line":36,"column":33}},{"start":{"line":36,"column":37},"end":{"line":36,"column":48}},{"start":{"line":37,"column":3},"end":{"line":37,"column":36}},{"start":{"line":37,"column":40},"end":{"line":37,"column":64}},{"start":{"line":38,"column":2},"end":{"line":38,"column":4}}],"line":36},"1":{"loc":{"start":{"line":39,"column":15},"end":{"line":39,"column":58}},"type":"binary-expr","locations":[{"start":{"line":39,"column":15},"end":{"line":39,"column":44}},{"start":{"line":39,"column":48},"end":{"line":39,"column":58}}],"line":39},"2":{"loc":{"start":{"line":81,"column":4},"end":{"line":85,"column":5}},"type":"if","locations":[{"start":{"line":81,"column":4},"end":{"line":85,"column":5}},{"start":{},"end":{}}],"line":81},"3":{"loc":{"start":{"line":88,"column":4},"end":{"line":92,"column":5}},"type":"if","locations":[{"start":{"line":88,"column":4},"end":{"line":92,"column":5}},{"start":{},"end":{}}],"line":88},"4":{"loc":{"start":{"line":88,"column":8},"end":{"line":88,"column":54}},"type":"binary-expr","locations":[{"start":{"line":88,"column":8},"end":{"line":88,"column":17}},{"start":{"line":88,"column":21},"end":{"line":88,"column":30}},{"start":{"line":88,"column":34},"end":{"line":88,"column":41}},{"start":{"line":88,"column":45},"end":{"line":88,"column":54}}],"line":88},"5":{"loc":{"start":{"line":175,"column":26},"end":{"line":177,"column":57}},"type":"cond-expr","locations":[{"start":{"line":176,"column":30},"end":{"line":176,"column":64}},{"start":{"line":177,"column":30},"end":{"line":177,"column":57}}],"line":175},"6":{"loc":{"start":{"line":196,"column":26},"end":{"line":198,"column":57}},"type":"cond-expr","locations":[{"start":{"line":197,"column":30},"end":{"line":197,"column":64}},{"start":{"line":198,"column":30},"end":{"line":198,"column":57}}],"line":196},"7":{"loc":{"start":{"line":217,"column":17},"end":{"line":224,"column":17}},"type":"cond-expr","locations":[{"start":{"line":218,"column":18},"end":{"line":221,"column":21}},{"start":{"line":223,"column":18},"end":{"line":223,"column":27}}],"line":217},"8":{"loc":{"start":{"line":256,"column":13},"end":{"line":258,"column":13}},"type":"binary-expr","locations":[{"start":{"line":256,"column":13},"end":{"line":256,"column":25}},{"start":{"line":257,"column":14},"end":{"line":257,"column":73}}],"line":256},"9":{"loc":{"start":{"line":262,"column":16},"end":{"line":265,"column":17}},"type":"if","locations":[{"start":{"line":262,"column":16},"end":{"line":265,"column":17}},{"start":{},"end":{}}],"line":262}},"s":{"0":1,"1":1,"2":8,"3":8,"4":8,"5":8,"6":8,"7":8,"8":8,"9":8,"10":4,"11":4,"12":8,"13":0,"14":0,"15":0,"16":0,"17":0,"18":0,"19":0,"20":0,"21":0,"22":2,"23":2,"24":1,"25":1,"26":1,"27":1,"28":1,"29":0,"30":0,"31":0,"32":1,"33":1,"34":1,"35":1,"36":1,"37":1,"38":0,"39":0,"40":1,"41":8,"42":1,"43":1,"44":1,"45":24,"46":1,"47":32,"48":1,"49":0,"50":0,"51":0,"52":0,"53":0,"54":0},"f":{"0":8,"1":4,"2":4,"3":0,"4":0,"5":2,"6":1,"7":1,"8":24,"9":1,"10":32,"11":1,"12":0,"13":0},"b":{"0":[1,1,0,0,0],"1":[1,0],"2":[1,1],"3":[0,1],"4":[1,1,1,1],"5":[3,21],"6":[2,30],"7":[1,7],"8":[8,0],"9":[0,0]},"_coverageSchema":"1a1c01bbd47fc00a2c39e90264f33305004495a9","hash":"d55a505074b6b627627b5bf7657059d6ae4fd156"}
,"C:\\Users\\Mosmos\\ProjetM2\\TravelAI\\src\\lib\\utils.ts": {"path":"C:\\Users\\Mosmos\\ProjetM2\\TravelAI\\src\\lib\\utils.ts","statementMap":{"0":{"start":{"line":10,"column":2},"end":{"line":10,"column":34}}},"fnMap":{"0":{"name":"cn","decl":{"start":{"line":9,"column":16},"end":{"line":9,"column":18}},"loc":{"start":{"line":9,"column":30},"end":{"line":11,"column":1}},"line":9}},"branchMap":{},"s":{"0":59},"f":{"0":59},"b":{},"_coverageSchema":"1a1c01bbd47fc00a2c39e90264f33305004495a9","hash":"13c98439aa52142acd2dc9a6a5b3ed82a8f7800e"}
,"C:\\Users\\Mosmos\\ProjetM2\\TravelAI\\src\\service\\AIModal.jsx": {"path":"C:\\Users\\Mosmos\\ProjetM2\\TravelAI\\src\\service\\AIModal.jsx","statementMap":{"0":{"start":{"line":7,"column":15},"end":{"line":7,"column":60}},"1":{"start":{"line":8,"column":0},"end":{"line":8,"column":71}},"2":{"start":{"line":8,"column":13},"end":{"line":8,"column":71}},"3":{"start":{"line":10,"column":14},"end":{"line":10,"column":44}},"4":{"start":{"line":12,"column":25},"end":{"line":19,"column":1}},"5":{"start":{"line":23,"column":2},"end":{"line":24,"column":47}},"6":{"start":{"line":23,"column":10},"end":{"line":23,"column":33}},"7":{"start":{"line":24,"column":10},"end":{"line":24,"column":45}},"8":{"start":{"line":28,"column":15},"end":{"line":28,"column":63}},"9":{"start":{"line":31,"column":2},"end":{"line":33,"column":4}},"10":{"start":{"line":32,"column":11},"end":{"line":32,"column":40}},"11":{"start":{"line":36,"column":2},"end":{"line":51,"column":5}},"12":{"start":{"line":37,"column":17},"end":{"line":37,"column":35}},"13":{"start":{"line":38,"column":18},"end":{"line":45,"column":9}},"14":{"start":{"line":39,"column":21},"end":{"line":39,"column":32}},"15":{"start":{"line":40,"column":19},"end":{"line":45,"column":7}},"16":{"start":{"line":46,"column":4},"end":{"line":50,"column":6}},"17":{"start":{"line":53,"column":2},"end":{"line":53,"column":14}},"18":{"start":{"line":58,"column":17},"end":{"line":58,"column":72}},"19":{"start":{"line":59,"column":17},"end":{"line":62,"column":4}},"20":{"start":{"line":64,"column":14},"end":{"line":67,"column":11}},"21":{"start":{"line":69,"column":2},"end":{"line":69,"column":35}},"22":{"start":{"line":73,"column":27},"end":{"line":78,"column":1}},"23":{"start":{"line":75,"column":4},"end":{"line":77,"column":5}}},"fnMap":{"0":{"name":"safeParse","decl":{"start":{"line":22,"column":9},"end":{"line":22,"column":18}},"loc":{"start":{"line":22,"column":24},"end":{"line":25,"column":1}},"line":22},"1":{"name":"normalise","decl":{"start":{"line":27,"column":9},"end":{"line":27,"column":18}},"loc":{"start":{"line":27,"column":24},"end":{"line":54,"column":1}},"line":27},"2":{"name":"(anonymous_2)","decl":{"start":{"line":32,"column":4},"end":{"line":32,"column":5}},"loc":{"start":{"line":32,"column":11},"end":{"line":32,"column":40}},"line":32},"3":{"name":"(anonymous_3)","decl":{"start":{"line":36,"column":56},"end":{"line":36,"column":57}},"loc":{"start":{"line":36,"column":68},"end":{"line":51,"column":3}},"line":36},"4":{"name":"(anonymous_4)","decl":{"start":{"line":39,"column":14},"end":{"line":39,"column":15}},"loc":{"start":{"line":39,"column":21},"end":{"line":39,"column":32}},"line":39},"5":{"name":"(anonymous_5)","decl":{"start":{"line":40,"column":11},"end":{"line":40,"column":12}},"loc":{"start":{"line":40,"column":19},"end":{"line":45,"column":7}},"line":40},"6":{"name":"generateTripPlan","decl":{"start":{"line":57,"column":22},"end":{"line":57,"column":38}},"loc":{"start":{"line":57,"column":47},"end":{"line":70,"column":1}},"line":57},"7":{"name":"(anonymous_7)","decl":{"start":{"line":74,"column":15},"end":{"line":74,"column":16}},"loc":{"start":{"line":75,"column":4},"end":{"line":77,"column":5}},"line":75}},"branchMap":{"0":{"loc":{"start":{"line":8,"column":0},"end":{"line":8,"column":71}},"type":"if","locations":[{"start":{"line":8,"column":0},"end":{"line":8,"column":71}},{"start":{},"end":{}}],"line":8},"1":{"loc":{"start":{"line":31,"column":23},"end":{"line":31,"column":46}},"type":"binary-expr","locations":[{"start":{"line":31,"column":23},"end":{"line":31,"column":40}},{"start":{"line":31,"column":44},"end":{"line":31,"column":46}}],"line":31},"2":{"loc":{"start":{"line":32,"column":11},"end":{"line":32,"column":40}},"type":"binary-expr","locations":[{"start":{"line":32,"column":11},"end":{"line":32,"column":22}},{"start":{"line":32,"column":26},"end":{"line":32,"column":40}}],"line":32},"3":{"loc":{"start":{"line":36,"column":25},"end":{"line":36,"column":50}},"type":"binary-expr","locations":[{"start":{"line":36,"column":25},"end":{"line":36,"column":44}},{"start":{"line":36,"column":48},"end":{"line":36,"column":50}}],"line":36},"4":{"loc":{"start":{"line":37,"column":17},"end":{"line":37,"column":35}},"type":"binary-expr","locations":[{"start":{"line":37,"column":17},"end":{"line":37,"column":29}},{"start":{"line":37,"column":33},"end":{"line":37,"column":35}}],"line":37},"5":{"loc":{"start":{"line":42,"column":25},"end":{"line":42,"column":40}},"type":"binary-expr","locations":[{"start":{"line":42,"column":25},"end":{"line":42,"column":34}},{"start":{"line":42,"column":38},"end":{"line":42,"column":40}}],"line":42},"6":{"loc":{"start":{"line":43,"column":25},"end":{"line":43,"column":45}},"type":"binary-expr","locations":[{"start":{"line":43,"column":25},"end":{"line":43,"column":39}},{"start":{"line":43,"column":43},"end":{"line":43,"column":45}}],"line":43},"7":{"loc":{"start":{"line":44,"column":25},"end":{"line":44,"column":48}},"type":"binary-expr","locations":[{"start":{"line":44,"column":25},"end":{"line":44,"column":42}},{"start":{"line":44,"column":46},"end":{"line":44,"column":48}}],"line":44},"8":{"loc":{"start":{"line":47,"column":18},"end":{"line":47,"column":40}},"type":"binary-expr","locations":[{"start":{"line":47,"column":18},"end":{"line":47,"column":29}},{"start":{"line":47,"column":33},"end":{"line":47,"column":40}}],"line":47},"9":{"loc":{"start":{"line":48,"column":18},"end":{"line":48,"column":31}},"type":"binary-expr","locations":[{"start":{"line":48,"column":18},"end":{"line":48,"column":25}},{"start":{"line":48,"column":29},"end":{"line":48,"column":31}}],"line":48}},"s":{"0":1,"1":1,"2":0,"3":1,"4":1,"5":1,"6":1,"7":0,"8":1,"9":1,"10":1,"11":1,"12":1,"13":1,"14":0,"15":0,"16":1,"17":1,"18":1,"19":1,"20":1,"21":1,"22":1,"23":0},"f":{"0":1,"1":1,"2":1,"3":1,"4":0,"5":0,"6":1,"7":0},"b":{"0":[0,1],"1":[1,0],"2":[1,1],"3":[1,0],"4":[1,0],"5":[0,0],"6":[0,0],"7":[0,0],"8":[1,0],"9":[1,0]},"_coverageSchema":"1a1c01bbd47fc00a2c39e90264f33305004495a9","hash":"06139371f14e13ce103ad350d013418fe1c12594"}
,"C:\\Users\\Mosmos\\ProjetM2\\TravelAI\\src\\service\\api.js": {"path":"C:\\Users\\Mosmos\\ProjetM2\\TravelAI\\src\\service\\api.js","statementMap":{"0":{"start":{"line":3,"column":29},"end":{"line":5,"column":3}},"1":{"start":{"line":4,"column":4},"end":{"line":4,"column":64}}},"fnMap":{"0":{"name":"(anonymous_0)","decl":{"start":{"line":3,"column":29},"end":{"line":3,"column":30}},"loc":{"start":{"line":3,"column":42},"end":{"line":5,"column":3}},"line":3}},"branchMap":{},"s":{"0":1,"1":1},"f":{"0":1},"b":{},"_coverageSchema":"1a1c01bbd47fc00a2c39e90264f33305004495a9","hash":"6ca050e2187ebbe551e53323ac1811231fa57f8c"}
,"C:\\Users\\Mosmos\\ProjetM2\\TravelAI\\src\\view-trip\\components\\Footer.jsx": {"path":"C:\\Users\\Mosmos\\ProjetM2\\TravelAI\\src\\view-trip\\components\\Footer.jsx","statementMap":{"0":{"start":{"line":5,"column":2},"end":{"line":23,"column":3}}},"fnMap":{"0":{"name":"Footer","decl":{"start":{"line":4,"column":24},"end":{"line":4,"column":30}},"loc":{"start":{"line":4,"column":33},"end":{"line":24,"column":1}},"line":4}},"branchMap":{},"s":{"0":8},"f":{"0":8},"b":{},"_coverageSchema":"1a1c01bbd47fc00a2c39e90264f33305004495a9","hash":"26299eb9428ac3e857a9d4adb73acae4e3e1ddae"}
,"C:\\Users\\Mosmos\\ProjetM2\\TravelAI\\src\\view-trip\\components\\HotelCardItem.jsx": {"path":"C:\\Users\\Mosmos\\ProjetM2\\TravelAI\\src\\view-trip\\components\\HotelCardItem.jsx","statementMap":{"0":{"start":{"line":5,"column":16},"end":{"line":5,"column":57}},"1":{"start":{"line":6,"column":17},"end":{"line":6,"column":35}},"2":{"start":{"line":8,"column":22},"end":{"line":9,"column":98}},"3":{"start":{"line":9,"column":2},"end":{"line":9,"column":98}},"4":{"start":{"line":19,"column":6},"end":{"line":19,"column":17}},"5":{"start":{"line":21,"column":20},"end":{"line":21,"column":53}},"6":{"start":{"line":23,"column":34},"end":{"line":23,"column":52}},"7":{"start":{"line":25,"column":2},"end":{"line":48,"column":32}},"8":{"start":{"line":26,"column":4},"end":{"line":26,"column":27}},"9":{"start":{"line":26,"column":20},"end":{"line":26,"column":27}},"10":{"start":{"line":28,"column":17},"end":{"line":28,"column":21}},"11":{"start":{"line":29,"column":4},"end":{"line":43,"column":9}},"12":{"start":{"line":30,"column":6},"end":{"line":42,"column":7}},"13":{"start":{"line":31,"column":25},"end":{"line":33,"column":10}},"14":{"start":{"line":35,"column":22},"end":{"line":35,"column":38}},"15":{"start":{"line":36,"column":22},"end":{"line":36,"column":46}},"16":{"start":{"line":37,"column":23},"end":{"line":37,"column":62}},"17":{"start":{"line":38,"column":8},"end":{"line":38,"column":40}},"18":{"start":{"line":38,"column":20},"end":{"line":38,"column":40}},"19":{"start":{"line":40,"column":8},"end":{"line":40,"column":67}},"20":{"start":{"line":41,"column":8},"end":{"line":41,"column":42}},"21":{"start":{"line":41,"column":20},"end":{"line":41,"column":42}},"22":{"start":{"line":45,"column":4},"end":{"line":47,"column":6}},"23":{"start":{"line":46,"column":6},"end":{"line":46,"column":21}},"24":{"start":{"line":51,"column":4},"end":{"line":53,"column":7}},"25":{"start":{"line":55,"column":2},"end":{"line":90,"column":4}},"26":{"start":{"line":66,"column":27},"end":{"line":66,"column":57}}},"fnMap":{"0":{"name":"(anonymous_0)","decl":{"start":{"line":8,"column":22},"end":{"line":8,"column":23}},"loc":{"start":{"line":9,"column":2},"end":{"line":9,"column":98}},"line":9},"1":{"name":"HotelCardItem","decl":{"start":{"line":11,"column":24},"end":{"line":11,"column":37}},"loc":{"start":{"line":11,"column":49},"end":{"line":91,"column":1}},"line":11},"2":{"name":"(anonymous_2)","decl":{"start":{"line":25,"column":12},"end":{"line":25,"column":13}},"loc":{"start":{"line":25,"column":18},"end":{"line":48,"column":3}},"line":25},"3":{"name":"(anonymous_3)","decl":{"start":{"line":29,"column":5},"end":{"line":29,"column":6}},"loc":{"start":{"line":29,"column":17},"end":{"line":43,"column":5}},"line":29},"4":{"name":"(anonymous_4)","decl":{"start":{"line":45,"column":11},"end":{"line":45,"column":12}},"loc":{"start":{"line":45,"column":17},"end":{"line":47,"column":5}},"line":45},"5":{"name":"(anonymous_5)","decl":{"start":{"line":66,"column":19},"end":{"line":66,"column":20}},"loc":{"start":{"line":66,"column":27},"end":{"line":66,"column":57}},"line":66}},"branchMap":{"0":{"loc":{"start":{"line":16,"column":4},"end":{"line":16,"column":37}},"type":"default-arg","locations":[{"start":{"line":16,"column":19},"end":{"line":16,"column":37}}],"line":16},"1":{"loc":{"start":{"line":19,"column":6},"end":{"line":19,"column":17}},"type":"binary-expr","locations":[{"start":{"line":19,"column":6},"end":{"line":19,"column":11}},{"start":{"line":19,"column":15},"end":{"line":19,"column":17}}],"line":19},"2":{"loc":{"start":{"line":21,"column":20},"end":{"line":21,"column":53}},"type":"binary-expr","locations":[{"start":{"line":21,"column":20},"end":{"line":21,"column":32}},{"start":{"line":21,"column":36},"end":{"line":21,"column":47}},{"start":{"line":21,"column":51},"end":{"line":21,"column":53}}],"line":21},"3":{"loc":{"start":{"line":26,"column":4},"end":{"line":26,"column":27}},"type":"if","locations":[{"start":{"line":26,"column":4},"end":{"line":26,"column":27}},{"start":{},"end":{}}],"line":26},"4":{"loc":{"start":{"line":37,"column":23},"end":{"line":37,"column":62}},"type":"cond-expr","locations":[{"start":{"line":37,"column":31},"end":{"line":37,"column":51}},{"start":{"line":37,"column":54},"end":{"line":37,"column":62}}],"line":37},"5":{"loc":{"start":{"line":38,"column":8},"end":{"line":38,"column":40}},"type":"if","locations":[{"start":{"line":38,"column":8},"end":{"line":38,"column":40}},{"start":{},"end":{}}],"line":38},"6":{"loc":{"start":{"line":40,"column":39},"end":{"line":40,"column":65}},"type":"binary-expr","locations":[{"start":{"line":40,"column":39},"end":{"line":40,"column":58}},{"start":{"line":40,"column":62},"end":{"line":40,"column":65}}],"line":40},"7":{"loc":{"start":{"line":41,"column":8},"end":{"line":41,"column":42}},"type":"if","locations":[{"start":{"line":41,"column":8},"end":{"line":41,"column":42}},{"start":{},"end":{}}],"line":41},"8":{"loc":{"start":{"line":69,"column":9},"end":{"line":73,"column":9}},"type":"binary-expr","locations":[{"start":{"line":69,"column":9},"end":{"line":69,"column":15}},{"start":{"line":70,"column":10},"end":{"line":72,"column":17}}],"line":69},"9":{"loc":{"start":{"line":83,"column":9},"end":{"line":87,"column":9}},"type":"binary-expr","locations":[{"start":{"line":83,"column":9},"end":{"line":83,"column":14}},{"start":{"line":84,"column":10},"end":{"line":86,"column":14}}],"line":83}},"s":{"0":1,"1":1,"2":1,"3":1,"4":2,"5":2,"6":2,"7":2,"8":1,"9":0,"10":1,"11":1,"12":1,"13":1,"14":1,"15":1,"16":1,"17":1,"18":1,"19":0,"20":0,"21":0,"22":1,"23":1,"24":2,"25":2,"26":0},"f":{"0":1,"1":2,"2":1,"3":1,"4":1,"5":0},"b":{"0":[0],"1":[2,0],"2":[2,0,0],"3":[0,1],"4":[1,0],"5":[1,0],"6":[0,0],"7":[0,0],"8":[2,2],"9":[2,2]},"_coverageSchema":"1a1c01bbd47fc00a2c39e90264f33305004495a9","hash":"f75a4439a7c456e5eda6e60c4bb820989860ccff"}
,"C:\\Users\\Mosmos\\ProjetM2\\TravelAI\\src\\view-trip\\components\\InfoSection.jsx": {"path":"C:\\Users\\Mosmos\\ProjetM2\\TravelAI\\src\\view-trip\\components\\InfoSection.jsx","statementMap":{"0":{"start":{"line":6,"column":34},"end":{"line":6,"column":48}},"1":{"start":{"line":8,"column":2},"end":{"line":21,"column":16}},"2":{"start":{"line":9,"column":18},"end":{"line":9,"column":22}},"3":{"start":{"line":10,"column":4},"end":{"line":17,"column":9}},"4":{"start":{"line":13,"column":8},"end":{"line":13,"column":38}},"5":{"start":{"line":13,"column":21},"end":{"line":13,"column":38}},"6":{"start":{"line":16,"column":8},"end":{"line":16,"column":53}},"7":{"start":{"line":16,"column":21},"end":{"line":16,"column":53}},"8":{"start":{"line":18,"column":4},"end":{"line":20,"column":6}},"9":{"start":{"line":19,"column":6},"end":{"line":19,"column":22}},"10":{"start":{"line":23,"column":2},"end":{"line":35,"column":4}}},"fnMap":{"0":{"name":"InfoSection","decl":{"start":{"line":5,"column":24},"end":{"line":5,"column":35}},"loc":{"start":{"line":5,"column":55},"end":{"line":36,"column":1}},"line":5},"1":{"name":"(anonymous_1)","decl":{"start":{"line":8,"column":12},"end":{"line":8,"column":13}},"loc":{"start":{"line":8,"column":18},"end":{"line":21,"column":3}},"line":8},"2":{"name":"(anonymous_2)","decl":{"start":{"line":12,"column":12},"end":{"line":12,"column":13}},"loc":{"start":{"line":12,"column":21},"end":{"line":14,"column":7}},"line":12},"3":{"name":"(anonymous_3)","decl":{"start":{"line":15,"column":13},"end":{"line":15,"column":14}},"loc":{"start":{"line":15,"column":19},"end":{"line":17,"column":7}},"line":15},"4":{"name":"(anonymous_4)","decl":{"start":{"line":18,"column":11},"end":{"line":18,"column":12}},"loc":{"start":{"line":18,"column":17},"end":{"line":20,"column":5}},"line":18}},"branchMap":{"0":{"loc":{"start":{"line":13,"column":8},"end":{"line":13,"column":38}},"type":"if","locations":[{"start":{"line":13,"column":8},"end":{"line":13,"column":38}},{"start":{},"end":{}}],"line":13},"1":{"loc":{"start":{"line":16,"column":8},"end":{"line":16,"column":53}},"type":"if","locations":[{"start":{"line":16,"column":8},"end":{"line":16,"column":53}},{"start":{},"end":{}}],"line":16},"2":{"loc":{"start":{"line":25,"column":7},"end":{"line":33,"column":7}},"type":"cond-expr","locations":[{"start":{"line":26,"column":8},"end":{"line":26,"column":21}},{"start":{"line":28,"column":8},"end":{"line":32,"column":10}}],"line":25}},"s":{"0":2,"1":2,"2":1,"3":1,"4":1,"5":1,"6":0,"7":0,"8":1,"9":1,"10":2},"f":{"0":2,"1":1,"2":1,"3":0,"4":1},"b":{"0":[1,0],"1":[0,0],"2":[1,1]},"_coverageSchema":"1a1c01bbd47fc00a2c39e90264f33305004495a9","hash":"b7712a6d407a88eaca5ed364aeed1c6d4c2d6401"}
,"C:\\Users\\Mosmos\\ProjetM2\\TravelAI\\src\\view-trip\\components\\PlaceCardItem.jsx": {"path":"C:\\Users\\Mosmos\\ProjetM2\\TravelAI\\src\\view-trip\\components\\PlaceCardItem.jsx","statementMap":{"0":{"start":{"line":11,"column":18},"end":{"line":11,"column":59}},"1":{"start":{"line":12,"column":18},"end":{"line":12,"column":36}},"2":{"start":{"line":13,"column":22},"end":{"line":15,"column":50}},"3":{"start":{"line":14,"column":2},"end":{"line":15,"column":50}},"4":{"start":{"line":24,"column":34},"end":{"line":24,"column":52}},"5":{"start":{"line":25,"column":34},"end":{"line":25,"column":47}},"6":{"start":{"line":28,"column":2},"end":{"line":66,"column":35}},"7":{"start":{"line":29,"column":4},"end":{"line":29,"column":26}},"8":{"start":{"line":29,"column":20},"end":{"line":29,"column":26}},"9":{"start":{"line":30,"column":17},"end":{"line":32,"column":17}},"10":{"start":{"line":34,"column":17},"end":{"line":34,"column":21}},"11":{"start":{"line":35,"column":5},"end":{"line":63,"column":8}},"12":{"start":{"line":36,"column":6},"end":{"line":62,"column":7}},"13":{"start":{"line":37,"column":25},"end":{"line":37,"column":67}},"14":{"start":{"line":38,"column":22},"end":{"line":38,"column":38}},"15":{"start":{"line":39,"column":8},"end":{"line":39,"column":26}},"16":{"start":{"line":39,"column":20},"end":{"line":39,"column":26}},"17":{"start":{"line":42,"column":26},"end":{"line":42,"column":49}},"18":{"start":{"line":43,"column":8},"end":{"line":43,"column":78}},"19":{"start":{"line":46,"column":40},"end":{"line":46,"column":60}},"20":{"start":{"line":47,"column":22},"end":{"line":51,"column":15}},"21":{"start":{"line":52,"column":8},"end":{"line":52,"column":35}},"22":{"start":{"line":54,"column":8},"end":{"line":54,"column":71}},"23":{"start":{"line":55,"column":8},"end":{"line":55,"column":39}},"24":{"start":{"line":56,"column":8},"end":{"line":61,"column":11}},"25":{"start":{"line":65,"column":4},"end":{"line":65,"column":33}},"26":{"start":{"line":65,"column":18},"end":{"line":65,"column":32}},"27":{"start":{"line":69,"column":2},"end":{"line":106,"column":3}},"28":{"start":{"line":74,"column":25},"end":{"line":74,"column":55}}},"fnMap":{"0":{"name":"(anonymous_0)","decl":{"start":{"line":13,"column":22},"end":{"line":13,"column":23}},"loc":{"start":{"line":14,"column":2},"end":{"line":15,"column":50}},"line":14},"1":{"name":"PlaceCardItem","decl":{"start":{"line":17,"column":24},"end":{"line":17,"column":37}},"loc":{"start":{"line":23,"column":3},"end":{"line":107,"column":1}},"line":23},"2":{"name":"(anonymous_2)","decl":{"start":{"line":28,"column":12},"end":{"line":28,"column":13}},"loc":{"start":{"line":28,"column":18},"end":{"line":66,"column":3}},"line":28},"3":{"name":"(anonymous_3)","decl":{"start":{"line":35,"column":6},"end":{"line":35,"column":7}},"loc":{"start":{"line":35,"column":18},"end":{"line":63,"column":5}},"line":35},"4":{"name":"(anonymous_4)","decl":{"start":{"line":65,"column":11},"end":{"line":65,"column":12}},"loc":{"start":{"line":65,"column":18},"end":{"line":65,"column":32}},"line":65},"5":{"name":"(anonymous_5)","decl":{"start":{"line":74,"column":17},"end":{"line":74,"column":18}},"loc":{"start":{"line":74,"column":25},"end":{"line":74,"column":55}},"line":74}},"branchMap":{"0":{"loc":{"start":{"line":29,"column":4},"end":{"line":29,"column":26}},"type":"if","locations":[{"start":{"line":29,"column":4},"end":{"line":29,"column":26}},{"start":{},"end":{}}],"line":29},"1":{"loc":{"start":{"line":30,"column":17},"end":{"line":32,"column":17}},"type":"cond-expr","locations":[{"start":{"line":31,"column":8},"end":{"line":31,"column":42}},{"start":{"line":32,"column":8},"end":{"line":32,"column":17}}],"line":30},"2":{"loc":{"start":{"line":39,"column":8},"end":{"line":39,"column":26}},"type":"if","locations":[{"start":{"line":39,"column":8},"end":{"line":39,"column":26}},{"start":{},"end":{}}],"line":39},"3":{"loc":{"start":{"line":43,"column":8},"end":{"line":43,"column":78}},"type":"binary-expr","locations":[{"start":{"line":43,"column":8},"end":{"line":43,"column":14}},{"start":{"line":43,"column":18},"end":{"line":43,"column":78}}],"line":43},"4":{"loc":{"start":{"line":43,"column":30},"end":{"line":43,"column":77}},"type":"cond-expr","locations":[{"start":{"line":43,"column":42},"end":{"line":43,"column":66}},{"start":{"line":43,"column":69},"end":{"line":43,"column":77}}],"line":43},"5":{"loc":{"start":{"line":46,"column":40},"end":{"line":46,"column":60}},"type":"binary-expr","locations":[{"start":{"line":46,"column":40},"end":{"line":46,"column":54}},{"start":{"line":46,"column":58},"end":{"line":46,"column":60}}],"line":46},"6":{"loc":{"start":{"line":47,"column":22},"end":{"line":51,"column":15}},"type":"cond-expr","locations":[{"start":{"line":48,"column":12},"end":{"line":48,"column":86}},{"start":{"line":49,"column":12},"end":{"line":51,"column":15}}],"line":47},"7":{"loc":{"start":{"line":52,"column":8},"end":{"line":52,"column":35}},"type":"binary-expr","locations":[{"start":{"line":52,"column":8},"end":{"line":52,"column":14}},{"start":{"line":52,"column":18},"end":{"line":52,"column":35}}],"line":52},"8":{"loc":{"start":{"line":54,"column":44},"end":{"line":54,"column":70}},"type":"binary-expr","locations":[{"start":{"line":54,"column":44},"end":{"line":54,"column":63}},{"start":{"line":54,"column":67},"end":{"line":54,"column":70}}],"line":54},"9":{"loc":{"start":{"line":55,"column":8},"end":{"line":55,"column":39}},"type":"binary-expr","locations":[{"start":{"line":55,"column":8},"end":{"line":55,"column":14}},{"start":{"line":55,"column":18},"end":{"line":55,"column":39}}],"line":55},"10":{"loc":{"start":{"line":56,"column":8},"end":{"line":61,"column":11}},"type":"binary-expr","locations":[{"start":{"line":56,"column":8},"end":{"line":56,"column":14}},{"start":{"line":57,"column":10},"end":{"line":61,"column":11}}],"line":56},"11":{"loc":{"start":{"line":79,"column":9},"end":{"line":83,"column":9}},"type":"binary-expr","locations":[{"start":{"line":79,"column":9},"end":{"line":79,"column":18}},{"start":{"line":80,"column":10},"end":{"line":82,"column":14}}],"line":79}},"s":{"0":1,"1":1,"2":1,"3":1,"4":2,"5":2,"6":2,"7":1,"8":0,"9":1,"10":1,"11":1,"12":1,"13":1,"14":1,"15":1,"16":0,"17":1,"18":1,"19":1,"20":1,"21":1,"22":0,"23":0,"24":0,"25":1,"26":1,"27":2,"28":0},"f":{"0":1,"1":2,"2":1,"3":1,"4":1,"5":0},"b":{"0":[0,1],"1":[1,0],"2":[0,1],"3":[1,1],"4":[1,0],"5":[1,0],"6":[1,0],"7":[1,1],"8":[0,0],"9":[0,0],"10":[0,0],"11":[2,2]},"_coverageSchema":"1a1c01bbd47fc00a2c39e90264f33305004495a9","hash":"8b1ce61f4ab8a3e733a9e4588f78b90397bfaf44"}
,"C:\\Users\\Mosmos\\ProjetM2\\TravelAI\\src\\view-trip\\components\\PlacesToVisit.jsx": {"path":"C:\\Users\\Mosmos\\ProjetM2\\TravelAI\\src\\view-trip\\components\\PlacesToVisit.jsx","statementMap":{"0":{"start":{"line":8,"column":19},"end":{"line":8,"column":69}},"1":{"start":{"line":11,"column":34},"end":{"line":11,"column":54}},"2":{"start":{"line":12,"column":27},"end":{"line":12,"column":69}},"3":{"start":{"line":14,"column":2},"end":{"line":20,"column":3}},"4":{"start":{"line":15,"column":4},"end":{"line":19,"column":6}},"5":{"start":{"line":22,"column":2},"end":{"line":55,"column":4}},"6":{"start":{"line":25,"column":24},"end":{"line":29,"column":10}},"7":{"start":{"line":26,"column":21},"end":{"line":26,"column":71}},"8":{"start":{"line":27,"column":21},"end":{"line":27,"column":71}},"9":{"start":{"line":28,"column":10},"end":{"line":28,"column":25}},"10":{"start":{"line":31,"column":8},"end":{"line":52,"column":10}},"11":{"start":{"line":44,"column":16},"end":{"line":48,"column":18}},"12":{"start":{"line":59,"column":0},"end":{"line":68,"column":2}}},"fnMap":{"0":{"name":"PlacesToVisit","decl":{"start":{"line":10,"column":24},"end":{"line":10,"column":37}},"loc":{"start":{"line":10,"column":48},"end":{"line":56,"column":1}},"line":10},"1":{"name":"(anonymous_1)","decl":{"start":{"line":24,"column":26},"end":{"line":24,"column":27}},"loc":{"start":{"line":24,"column":64},"end":{"line":53,"column":7}},"line":24},"2":{"name":"(anonymous_2)","decl":{"start":{"line":25,"column":53},"end":{"line":25,"column":54}},"loc":{"start":{"line":25,"column":63},"end":{"line":29,"column":9}},"line":25},"3":{"name":"(anonymous_3)","decl":{"start":{"line":43,"column":27},"end":{"line":43,"column":28}},"loc":{"start":{"line":44,"column":16},"end":{"line":48,"column":18}},"line":44}},"branchMap":{"0":{"loc":{"start":{"line":11,"column":10},"end":{"line":11,"column":29}},"type":"default-arg","locations":[{"start":{"line":11,"column":27},"end":{"line":11,"column":29}}],"line":11},"1":{"loc":{"start":{"line":11,"column":34},"end":{"line":11,"column":54}},"type":"binary-expr","locations":[{"start":{"line":11,"column":34},"end":{"line":11,"column":48}},{"start":{"line":11,"column":52},"end":{"line":11,"column":54}}],"line":11},"2":{"loc":{"start":{"line":12,"column":27},"end":{"line":12,"column":69}},"type":"binary-expr","locations":[{"start":{"line":12,"column":27},"end":{"line":12,"column":63}},{"start":{"line":12,"column":67},"end":{"line":12,"column":69}}],"line":12},"3":{"loc":{"start":{"line":14,"column":2},"end":{"line":20,"column":3}},"type":"if","locations":[{"start":{"line":14,"column":2},"end":{"line":20,"column":3}},{"start":{},"end":{}}],"line":14},"4":{"loc":{"start":{"line":25,"column":29},"end":{"line":25,"column":45}},"type":"binary-expr","locations":[{"start":{"line":25,"column":29},"end":{"line":25,"column":39}},{"start":{"line":25,"column":43},"end":{"line":25,"column":45}}],"line":25},"5":{"loc":{"start":{"line":26,"column":21},"end":{"line":26,"column":71}},"type":"binary-expr","locations":[{"start":{"line":26,"column":21},"end":{"line":26,"column":65}},{"start":{"line":26,"column":69},"end":{"line":26,"column":71}}],"line":26},"6":{"loc":{"start":{"line":27,"column":21},"end":{"line":27,"column":71}},"type":"binary-expr","locations":[{"start":{"line":27,"column":21},"end":{"line":27,"column":65}},{"start":{"line":27,"column":69},"end":{"line":27,"column":71}}],"line":27},"7":{"loc":{"start":{"line":35,"column":15},"end":{"line":39,"column":15}},"type":"binary-expr","locations":[{"start":{"line":35,"column":15},"end":{"line":35,"column":20}},{"start":{"line":36,"column":16},"end":{"line":38,"column":23}}],"line":35}},"s":{"0":1,"1":1,"2":1,"3":1,"4":0,"5":1,"6":1,"7":6,"8":6,"9":6,"10":1,"11":4,"12":1},"f":{"0":1,"1":1,"2":6,"3":4},"b":{"0":[0],"1":[1,0],"2":[1,0],"3":[0,1],"4":[1,0],"5":[6,0],"6":[6,0],"7":[1,1]},"_coverageSchema":"1a1c01bbd47fc00a2c39e90264f33305004495a9","hash":"a4bed50b371b5f1ad99b4c157b78b6323dda6bb8"}
}
