{"C:\\Users\\Mosmos\\ProjetM2\\TravelAI\\src\\components\\custom\\Header.jsx": {"path":"C:\\Users\\Mosmos\\ProjetM2\\TravelAI\\src\\components\\custom\\Header.jsx","statementMap":{"0":{"start":{"line":26,"column":15},"end":{"line":28,"column":4}},"1":{"start":{"line":29,"column":14},"end":{"line":29,"column":39}},"2":{"start":{"line":30,"column":12},"end":{"line":30,"column":39}},"3":{"start":{"line":31,"column":2},"end":{"line":31,"column":15}},"4":{"start":{"line":32,"column":2},"end":{"line":32,"column":24}},"5":{"start":{"line":33,"column":2},"end":{"line":33,"column":31}},"6":{"start":{"line":34,"column":2},"end":{"line":34,"column":12}},"7":{"start":{"line":35,"column":2},"end":{"line":35,"column":31}},"8":{"start":{"line":36,"column":2},"end":{"line":36,"column":27}},"9":{"start":{"line":41,"column":26},"end":{"line":47,"column":4}},"10":{"start":{"line":42,"column":4},"end":{"line":46,"column":5}},"11":{"start":{"line":43,"column":6},"end":{"line":43,"column":54}},"12":{"start":{"line":45,"column":6},"end":{"line":45,"column":18}},"13":{"start":{"line":50,"column":2},"end":{"line":60,"column":9}},"14":{"start":{"line":51,"column":20},"end":{"line":57,"column":5}},"15":{"start":{"line":52,"column":6},"end":{"line":56,"column":7}},"16":{"start":{"line":53,"column":8},"end":{"line":53,"column":58}},"17":{"start":{"line":55,"column":8},"end":{"line":55,"column":22}},"18":{"start":{"line":58,"column":4},"end":{"line":58,"column":48}},"19":{"start":{"line":59,"column":4},"end":{"line":59,"column":64}},"20":{"start":{"line":59,"column":17},"end":{"line":59,"column":63}},"21":{"start":{"line":63,"column":36},"end":{"line":63,"column":51}},"22":{"start":{"line":64,"column":28},"end":{"line":64,"column":43}},"23":{"start":{"line":65,"column":28},"end":{"line":65,"column":40}},"24":{"start":{"line":67,"column":24},"end":{"line":67,"column":36}},"25":{"start":{"line":70,"column":16},"end":{"line":88,"column":4}},"26":{"start":{"line":72,"column":6},"end":{"line":83,"column":7}},"27":{"start":{"line":74,"column":25},"end":{"line":76,"column":9}},"28":{"start":{"line":77,"column":8},"end":{"line":77,"column":59}},"29":{"start":{"line":78,"column":8},"end":{"line":78,"column":22}},"30":{"start":{"line":79,"column":8},"end":{"line":79,"column":28}},"31":{"start":{"line":80,"column":8},"end":{"line":80,"column":21}},"32":{"start":{"line":82,"column":8},"end":{"line":82,"column":62}},"33":{"start":{"line":85,"column":19},"end":{"line":85,"column":66}},"34":{"start":{"line":91,"column":25},"end":{"line":98,"column":3}},"35":{"start":{"line":92,"column":4},"end":{"line":95,"column":5}},"36":{"start":{"line":93,"column":6},"end":{"line":93,"column":62}},"37":{"start":{"line":94,"column":6},"end":{"line":94,"column":13}},"38":{"start":{"line":96,"column":4},"end":{"line":96,"column":17}},"39":{"start":{"line":97,"column":4},"end":{"line":97,"column":12}},"40":{"start":{"line":101,"column":23},"end":{"line":105,"column":3}},"41":{"start":{"line":102,"column":4},"end":{"line":102,"column":19}},"42":{"start":{"line":103,"column":4},"end":{"line":103,"column":36}},"43":{"start":{"line":104,"column":4},"end":{"line":104,"column":18}},"44":{"start":{"line":108,"column":25},"end":{"line":111,"column":3}},"45":{"start":{"line":109,"column":17},"end":{"line":109,"column":36}},"46":{"start":{"line":110,"column":4},"end":{"line":110,"column":23}},"47":{"start":{"line":113,"column":2},"end":{"line":219,"column":4}},"48":{"start":{"line":170,"column":29},"end":{"line":170,"column":47}},"49":{"start":{"line":195,"column":31},"end":{"line":195,"column":57}}},"fnMap":{"0":{"name":"downloadJSON","decl":{"start":{"line":25,"column":9},"end":{"line":25,"column":21}},"loc":{"start":{"line":25,"column":62},"end":{"line":37,"column":1}},"line":25},"1":{"name":"Header","decl":{"start":{"line":39,"column":24},"end":{"line":39,"column":30}},"loc":{"start":{"line":39,"column":33},"end":{"line":220,"column":1}},"line":39},"2":{"name":"(anonymous_2)","decl":{"start":{"line":41,"column":35},"end":{"line":41,"column":36}},"loc":{"start":{"line":41,"column":41},"end":{"line":47,"column":3}},"line":41},"3":{"name":"(anonymous_3)","decl":{"start":{"line":50,"column":12},"end":{"line":50,"column":13}},"loc":{"start":{"line":50,"column":18},"end":{"line":60,"column":3}},"line":50},"4":{"name":"(anonymous_4)","decl":{"start":{"line":51,"column":20},"end":{"line":51,"column":21}},"loc":{"start":{"line":51,"column":26},"end":{"line":57,"column":5}},"line":51},"5":{"name":"(anonymous_5)","decl":{"start":{"line":59,"column":11},"end":{"line":59,"column":12}},"loc":{"start":{"line":59,"column":17},"end":{"line":59,"column":63}},"line":59},"6":{"name":"(anonymous_6)","decl":{"start":{"line":71,"column":15},"end":{"line":71,"column":16}},"loc":{"start":{"line":71,"column":43},"end":{"line":84,"column":5}},"line":71},"7":{"name":"(anonymous_7)","decl":{"start":{"line":85,"column":13},"end":{"line":85,"column":14}},"loc":{"start":{"line":85,"column":19},"end":{"line":85,"column":66}},"line":85},"8":{"name":"(anonymous_8)","decl":{"start":{"line":91,"column":25},"end":{"line":91,"column":26}},"loc":{"start":{"line":91,"column":31},"end":{"line":98,"column":3}},"line":91},"9":{"name":"(anonymous_9)","decl":{"start":{"line":101,"column":23},"end":{"line":101,"column":24}},"loc":{"start":{"line":101,"column":29},"end":{"line":105,"column":3}},"line":101},"10":{"name":"(anonymous_10)","decl":{"start":{"line":108,"column":25},"end":{"line":108,"column":26}},"loc":{"start":{"line":108,"column":31},"end":{"line":111,"column":3}},"line":108},"11":{"name":"(anonymous_11)","decl":{"start":{"line":170,"column":23},"end":{"line":170,"column":24}},"loc":{"start":{"line":170,"column":29},"end":{"line":170,"column":47}},"line":170},"12":{"name":"(anonymous_12)","decl":{"start":{"line":195,"column":24},"end":{"line":195,"column":25}},"loc":{"start":{"line":195,"column":31},"end":{"line":195,"column":57}},"line":195}},"branchMap":{"0":{"loc":{"start":{"line":25,"column":27},"end":{"line":25,"column":60}},"type":"default-arg","locations":[{"start":{"line":25,"column":38},"end":{"line":25,"column":60}}],"line":25},"1":{"loc":{"start":{"line":92,"column":4},"end":{"line":95,"column":5}},"type":"if","locations":[{"start":{"line":92,"column":4},"end":{"line":95,"column":5}},{"start":{},"end":{}}],"line":92},"2":{"loc":{"start":{"line":134,"column":11},"end":{"line":175,"column":11}},"type":"cond-expr","locations":[{"start":{"line":135,"column":12},"end":{"line":167,"column":22}},{"start":{"line":169,"column":12},"end":{"line":174,"column":21}}],"line":134},"3":{"loc":{"start":{"line":202,"column":11},"end":{"line":202,"column":64}},"type":"binary-expr","locations":[{"start":{"line":202,"column":11},"end":{"line":202,"column":16}},{"start":{"line":202,"column":20},"end":{"line":202,"column":64}}],"line":202}},"s":{"0":0,"1":0,"2":0,"3":0,"4":0,"5":0,"6":0,"7":0,"8":0,"9":5,"10":2,"11":2,"12":0,"13":5,"14":2,"15":0,"16":0,"17":0,"18":2,"19":2,"20":2,"21":5,"22":5,"23":5,"24":5,"25":5,"26":0,"27":0,"28":0,"29":0,"30":0,"31":0,"32":0,"33":0,"34":5,"35":1,"36":0,"37":0,"38":1,"39":1,"40":5,"41":1,"42":1,"43":1,"44":5,"45":0,"46":0,"47":5,"48":1,"49":1},"f":{"0":0,"1":5,"2":2,"3":2,"4":0,"5":2,"6":0,"7":0,"8":1,"9":1,"10":0,"11":1,"12":1},"b":{"0":[0],"1":[0,1],"2":[1,4],"3":[5,0]},"_coverageSchema":"1a1c01bbd47fc00a2c39e90264f33305004495a9","hash":"cb4d4f768d9178d209747782bdb14fe85dd84478"}
,"C:\\Users\\Mosmos\\ProjetM2\\TravelAI\\src\\components\\pages\\CookieSettings.jsx": {"path":"C:\\Users\\Mosmos\\ProjetM2\\TravelAI\\src\\components\\pages\\CookieSettings.jsx","statementMap":{"0":{"start":{"line":4,"column":2},"end":{"line":41,"column":4}}},"fnMap":{"0":{"name":"CookieSettings","decl":{"start":{"line":3,"column":24},"end":{"line":3,"column":38}},"loc":{"start":{"line":3,"column":41},"end":{"line":42,"column":1}},"line":3}},"branchMap":{},"s":{"0":1},"f":{"0":1},"b":{},"_coverageSchema":"1a1c01bbd47fc00a2c39e90264f33305004495a9","hash":"48819260089203de32b45b385f0582a3ec908438"}
,"C:\\Users\\Mosmos\\ProjetM2\\TravelAI\\src\\components\\pages\\LegalMentions.jsx": {"path":"C:\\Users\\Mosmos\\ProjetM2\\TravelAI\\src\\components\\pages\\LegalMentions.jsx","statementMap":{"0":{"start":{"line":4,"column":2},"end":{"line":57,"column":4}}},"fnMap":{"0":{"name":"LegalMentions","decl":{"start":{"line":3,"column":9},"end":{"line":3,"column":22}},"loc":{"start":{"line":3,"column":25},"end":{"line":58,"column":1}},"line":3}},"branchMap":{},"s":{"0":1},"f":{"0":1},"b":{},"_coverageSchema":"1a1c01bbd47fc00a2c39e90264f33305004495a9","hash":"791ece9ae3f71a639117725199d83624f88f54df"}
,"C:\\Users\\Mosmos\\ProjetM2\\TravelAI\\src\\components\\pages\\PrivacyPolicy.jsx": {"path":"C:\\Users\\Mosmos\\ProjetM2\\TravelAI\\src\\components\\pages\\PrivacyPolicy.jsx","statementMap":{"0":{"start":{"line":4,"column":2},"end":{"line":36,"column":4}}},"fnMap":{"0":{"name":"PrivacyPolicy","decl":{"start":{"line":3,"column":24},"end":{"line":3,"column":37}},"loc":{"start":{"line":3,"column":40},"end":{"line":37,"column":1}},"line":3}},"branchMap":{},"s":{"0":1},"f":{"0":1},"b":{},"_coverageSchema":"1a1c01bbd47fc00a2c39e90264f33305004495a9","hash":"ba8fd2918fdcc82005bcd331f0f6d70754014bac"}
,"C:\\Users\\Mosmos\\ProjetM2\\TravelAI\\src\\components\\ui\\CookiesConsent.jsx": {"path":"C:\\Users\\Mosmos\\ProjetM2\\TravelAI\\src\\components\\ui\\CookiesConsent.jsx","statementMap":{"0":{"start":{"line":3,"column":26},"end":{"line":7,"column":1}},"1":{"start":{"line":11,"column":32},"end":{"line":18,"column":4}},"2":{"start":{"line":12,"column":4},"end":{"line":17,"column":5}},"3":{"start":{"line":13,"column":18},"end":{"line":13,"column":56}},"4":{"start":{"line":14,"column":6},"end":{"line":14,"column":42}},"5":{"start":{"line":16,"column":6},"end":{"line":16,"column":18}},"6":{"start":{"line":21,"column":2},"end":{"line":21,"column":49}},"7":{"start":{"line":21,"column":37},"end":{"line":21,"column":49}},"8":{"start":{"line":23,"column":20},"end":{"line":27,"column":3}},"9":{"start":{"line":24,"column":14},"end":{"line":24,"column":68}},"10":{"start":{"line":25,"column":4},"end":{"line":25,"column":62}},"11":{"start":{"line":26,"column":4},"end":{"line":26,"column":18}},"12":{"start":{"line":29,"column":20},"end":{"line":33,"column":3}},"13":{"start":{"line":30,"column":14},"end":{"line":30,"column":70}},"14":{"start":{"line":31,"column":4},"end":{"line":31,"column":62}},"15":{"start":{"line":32,"column":4},"end":{"line":32,"column":18}},"16":{"start":{"line":35,"column":20},"end":{"line":35,"column":57}},"17":{"start":{"line":35,"column":26},"end":{"line":35,"column":57}},"18":{"start":{"line":37,"column":21},"end":{"line":41,"column":3}},"19":{"start":{"line":38,"column":14},"end":{"line":38,"column":45}},"20":{"start":{"line":39,"column":4},"end":{"line":39,"column":62}},"21":{"start":{"line":40,"column":4},"end":{"line":40,"column":18}},"22":{"start":{"line":43,"column":2},"end":{"line":122,"column":4}},"23":{"start":{"line":80,"column":16},"end":{"line":80,"column":35}},"24":{"start":{"line":81,"column":29},"end":{"line":81,"column":71}},"25":{"start":{"line":82,"column":16},"end":{"line":85,"column":19}},"26":{"start":{"line":90,"column":27},"end":{"line":90,"column":42}},"27":{"start":{"line":91,"column":16},"end":{"line":106,"column":18}}},"fnMap":{"0":{"name":"CookieConsent","decl":{"start":{"line":9,"column":24},"end":{"line":9,"column":37}},"loc":{"start":{"line":9,"column":40},"end":{"line":123,"column":1}},"line":9},"1":{"name":"(anonymous_1)","decl":{"start":{"line":11,"column":41},"end":{"line":11,"column":42}},"loc":{"start":{"line":11,"column":47},"end":{"line":18,"column":3}},"line":11},"2":{"name":"(anonymous_2)","decl":{"start":{"line":23,"column":20},"end":{"line":23,"column":21}},"loc":{"start":{"line":23,"column":26},"end":{"line":27,"column":3}},"line":23},"3":{"name":"(anonymous_3)","decl":{"start":{"line":29,"column":20},"end":{"line":29,"column":21}},"loc":{"start":{"line":29,"column":26},"end":{"line":33,"column":3}},"line":29},"4":{"name":"(anonymous_4)","decl":{"start":{"line":35,"column":20},"end":{"line":35,"column":21}},"loc":{"start":{"line":35,"column":26},"end":{"line":35,"column":57}},"line":35},"5":{"name":"(anonymous_5)","decl":{"start":{"line":37,"column":21},"end":{"line":37,"column":22}},"loc":{"start":{"line":37,"column":34},"end":{"line":41,"column":3}},"line":37},"6":{"name":"(anonymous_6)","decl":{"start":{"line":79,"column":24},"end":{"line":79,"column":25}},"loc":{"start":{"line":79,"column":31},"end":{"line":86,"column":15}},"line":79},"7":{"name":"(anonymous_7)","decl":{"start":{"line":89,"column":53},"end":{"line":89,"column":54}},"loc":{"start":{"line":89,"column":71},"end":{"line":107,"column":15}},"line":89}},"branchMap":{"0":{"loc":{"start":{"line":14,"column":13},"end":{"line":14,"column":41}},"type":"cond-expr","locations":[{"start":{"line":14,"column":19},"end":{"line":14,"column":34}},{"start":{"line":14,"column":37},"end":{"line":14,"column":41}}],"line":14},"1":{"loc":{"start":{"line":21,"column":2},"end":{"line":21,"column":49}},"type":"if","locations":[{"start":{"line":21,"column":2},"end":{"line":21,"column":49}},{"start":{},"end":{}}],"line":21},"2":{"loc":{"start":{"line":21,"column":6},"end":{"line":21,"column":35}},"type":"binary-expr","locations":[{"start":{"line":21,"column":6},"end":{"line":21,"column":13}},{"start":{"line":21,"column":17},"end":{"line":21,"column":35}}],"line":21},"3":{"loc":{"start":{"line":46,"column":9},"end":{"line":119,"column":9}},"type":"cond-expr","locations":[{"start":{"line":47,"column":10},"end":{"line":74,"column":13}},{"start":{"line":76,"column":10},"end":{"line":118,"column":13}}],"line":46}},"s":{"0":1,"1":3,"2":2,"3":2,"4":2,"5":0,"6":3,"7":1,"8":2,"9":1,"10":1,"11":1,"12":2,"13":0,"14":0,"15":0,"16":2,"17":0,"18":2,"19":0,"20":0,"21":0,"22":2,"23":0,"24":0,"25":0,"26":0,"27":0},"f":{"0":3,"1":2,"2":1,"3":0,"4":0,"5":0,"6":0,"7":0},"b":{"0":[0,2],"1":[1,2],"2":[3,1],"3":[2,0]},"_coverageSchema":"1a1c01bbd47fc00a2c39e90264f33305004495a9","hash":"f97a948c3585336e003ebaa49425cdfb30028ed5"}
,"C:\\Users\\Mosmos\\ProjetM2\\TravelAI\\src\\components\\ui\\button.tsx": {"path":"C:\\Users\\Mosmos\\ProjetM2\\TravelAI\\src\\components\\ui\\button.tsx","statementMap":{"0":{"start":{"line":7,"column":17},"end":{"line":34,"column":1}},"1":{"start":{"line":36,"column":22},"end":{"line":48,"column":2}},"2":{"start":{"line":40,"column":15},"end":{"line":40,"column":40}},"3":{"start":{"line":41,"column":2},"end":{"line":47,"column":4}}},"fnMap":{"0":{"name":"Button","decl":{"start":{"line":36,"column":42},"end":{"line":36,"column":48}},"loc":{"start":{"line":39,"column":2},"end":{"line":48,"column":1}},"line":39}},"branchMap":{"0":{"loc":{"start":{"line":37,"column":29},"end":{"line":37,"column":44}},"type":"default-arg","locations":[{"start":{"line":37,"column":39},"end":{"line":37,"column":44}}],"line":37},"1":{"loc":{"start":{"line":40,"column":15},"end":{"line":40,"column":40}},"type":"cond-expr","locations":[{"start":{"line":40,"column":25},"end":{"line":40,"column":29}},{"start":{"line":40,"column":32},"end":{"line":40,"column":40}}],"line":40}},"s":{"0":2,"1":2,"2":11,"3":11},"f":{"0":11},"b":{"0":[11],"1":[0,11]},"_coverageSchema":"1a1c01bbd47fc00a2c39e90264f33305004495a9","hash":"e5a3b697318d8c56ad60695ccdd972ae777b5da3"}
,"C:\\Users\\Mosmos\\ProjetM2\\TravelAI\\src\\components\\ui\\dialog.tsx": {"path":"C:\\Users\\Mosmos\\ProjetM2\\TravelAI\\src\\components\\ui\\dialog.tsx","statementMap":{"0":{"start":{"line":6,"column":29},"end":{"line":6,"column":49}},"1":{"start":{"line":7,"column":29},"end":{"line":7,"column":52}},"2":{"start":{"line":8,"column":29},"end":{"line":8,"column":51}},"3":{"start":{"line":9,"column":29},"end":{"line":9,"column":50}},"4":{"start":{"line":11,"column":29},"end":{"line":19,"column":1}},"5":{"start":{"line":13,"column":4},"end":{"line":17,"column":6}},"6":{"start":{"line":20,"column":0},"end":{"line":20,"column":44}},"7":{"start":{"line":22,"column":29},"end":{"line":43,"column":1}},"8":{"start":{"line":24,"column":4},"end":{"line":41,"column":19}},"9":{"start":{"line":44,"column":0},"end":{"line":44,"column":44}},"10":{"start":{"line":46,"column":28},"end":{"line":48,"column":1}},"11":{"start":{"line":47,"column":2},"end":{"line":47,"column":75}},"12":{"start":{"line":49,"column":0},"end":{"line":49,"column":42}},"13":{"start":{"line":51,"column":27},"end":{"line":59,"column":1}},"14":{"start":{"line":53,"column":4},"end":{"line":57,"column":6}},"15":{"start":{"line":60,"column":0},"end":{"line":60,"column":40}},"16":{"start":{"line":62,"column":33},"end":{"line":70,"column":1}},"17":{"start":{"line":64,"column":4},"end":{"line":68,"column":6}},"18":{"start":{"line":71,"column":0},"end":{"line":71,"column":52}}},"fnMap":{"0":{"name":"(anonymous_0)","decl":{"start":{"line":12,"column":2},"end":{"line":12,"column":3}},"loc":{"start":{"line":13,"column":4},"end":{"line":17,"column":6}},"line":13},"1":{"name":"(anonymous_1)","decl":{"start":{"line":23,"column":2},"end":{"line":23,"column":3}},"loc":{"start":{"line":24,"column":4},"end":{"line":41,"column":19}},"line":24},"2":{"name":"(anonymous_2)","decl":{"start":{"line":46,"column":28},"end":{"line":46,"column":29}},"loc":{"start":{"line":47,"column":2},"end":{"line":47,"column":75}},"line":47},"3":{"name":"(anonymous_3)","decl":{"start":{"line":52,"column":2},"end":{"line":52,"column":3}},"loc":{"start":{"line":53,"column":4},"end":{"line":57,"column":6}},"line":53},"4":{"name":"(anonymous_4)","decl":{"start":{"line":63,"column":2},"end":{"line":63,"column":3}},"loc":{"start":{"line":64,"column":4},"end":{"line":68,"column":6}},"line":64}},"branchMap":{},"s":{"0":1,"1":1,"2":1,"3":1,"4":1,"5":8,"6":1,"7":1,"8":5,"9":1,"10":1,"11":0,"12":1,"13":1,"14":2,"15":1,"16":1,"17":2,"18":1},"f":{"0":8,"1":5,"2":0,"3":2,"4":2},"b":{},"_coverageSchema":"1a1c01bbd47fc00a2c39e90264f33305004495a9","hash":"cf5aa31ef0762708861bd21468483c6ad06f343b"}
,"C:\\Users\\Mosmos\\ProjetM2\\TravelAI\\src\\components\\ui\\popover.tsx": {"path":"C:\\Users\\Mosmos\\ProjetM2\\TravelAI\\src\\components\\ui\\popover.tsx","statementMap":{"0":{"start":{"line":6,"column":16},"end":{"line":6,"column":37}},"1":{"start":{"line":7,"column":23},"end":{"line":7,"column":47}},"2":{"start":{"line":9,"column":23},"end":{"line":33,"column":1}},"3":{"start":{"line":14,"column":4},"end":{"line":31,"column":30}},"4":{"start":{"line":34,"column":0},"end":{"line":34,"column":46}}},"fnMap":{"0":{"name":"(anonymous_0)","decl":{"start":{"line":10,"column":2},"end":{"line":10,"column":3}},"loc":{"start":{"line":14,"column":4},"end":{"line":31,"column":30}},"line":14}},"branchMap":{"0":{"loc":{"start":{"line":11,"column":17},"end":{"line":11,"column":33}},"type":"default-arg","locations":[{"start":{"line":11,"column":25},"end":{"line":11,"column":33}}],"line":11},"1":{"loc":{"start":{"line":11,"column":35},"end":{"line":11,"column":49}},"type":"default-arg","locations":[{"start":{"line":11,"column":48},"end":{"line":11,"column":49}}],"line":11}},"s":{"0":1,"1":1,"2":1,"3":1,"4":1},"f":{"0":1},"b":{"0":[0],"1":[1]},"_coverageSchema":"1a1c01bbd47fc00a2c39e90264f33305004495a9","hash":"a4e0ea9e131a8d30e344ebe3a5f347fc8b2f9993"}
,"C:\\Users\\Mosmos\\ProjetM2\\TravelAI\\src\\lib\\env.js": {"path":"C:\\Users\\Mosmos\\ProjetM2\\TravelAI\\src\\lib\\env.js","statementMap":{"0":{"start":{"line":4,"column":10},"end":{"line":4,"column":61}},"1":{"start":{"line":5,"column":10},"end":{"line":5,"column":59}},"2":{"start":{"line":7,"column":12},"end":{"line":9,"column":12}}},"fnMap":{},"branchMap":{"0":{"loc":{"start":{"line":4,"column":10},"end":{"line":4,"column":61}},"type":"cond-expr","locations":[{"start":{"line":4,"column":46},"end":{"line":4,"column":56}},{"start":{"line":4,"column":59},"end":{"line":4,"column":61}}],"line":4},"1":{"loc":{"start":{"line":5,"column":10},"end":{"line":5,"column":59}},"type":"cond-expr","locations":[{"start":{"line":5,"column":43},"end":{"line":5,"column":54}},{"start":{"line":5,"column":57},"end":{"line":5,"column":59}}],"line":5},"2":{"loc":{"start":{"line":7,"column":12},"end":{"line":9,"column":12}},"type":"cond-expr","locations":[{"start":{"line":8,"column":4},"end":{"line":8,"column":32}},{"start":{"line":9,"column":4},"end":{"line":9,"column":12}}],"line":7},"3":{"loc":{"start":{"line":7,"column":13},"end":{"line":7,"column":67}},"type":"binary-expr","locations":[{"start":{"line":7,"column":13},"end":{"line":7,"column":28}},{"start":{"line":7,"column":32},"end":{"line":7,"column":67}}],"line":7}},"s":{"0":2,"1":2,"2":2},"f":{},"b":{"0":[2,0],"1":[2,0],"2":[2,0],"3":[2,2]},"_coverageSchema":"1a1c01bbd47fc00a2c39e90264f33305004495a9","hash":"8bf18437418e1ff3f7d8442e2e0b94ad2dd20c2c"}
,"C:\\Users\\Mosmos\\ProjetM2\\TravelAI\\src\\lib\\utils.ts": {"path":"C:\\Users\\Mosmos\\ProjetM2\\TravelAI\\src\\lib\\utils.ts","statementMap":{"0":{"start":{"line":10,"column":2},"end":{"line":10,"column":34}}},"fnMap":{"0":{"name":"cn","decl":{"start":{"line":9,"column":16},"end":{"line":9,"column":18}},"loc":{"start":{"line":9,"column":30},"end":{"line":11,"column":1}},"line":9}},"branchMap":{},"s":{"0":29},"f":{"0":29},"b":{},"_coverageSchema":"1a1c01bbd47fc00a2c39e90264f33305004495a9","hash":"13c98439aa52142acd2dc9a6a5b3ed82a8f7800e"}
,"C:\\Users\\Mosmos\\ProjetM2\\TravelAI\\src\\view-trip\\components\\HotelCardItem.jsx": {"path":"C:\\Users\\Mosmos\\ProjetM2\\TravelAI\\src\\view-trip\\components\\HotelCardItem.jsx","statementMap":{"0":{"start":{"line":8,"column":17},"end":{"line":8,"column":60}},"1":{"start":{"line":9,"column":17},"end":{"line":9,"column":35}},"2":{"start":{"line":11,"column":22},"end":{"line":12,"column":98}},"3":{"start":{"line":12,"column":2},"end":{"line":12,"column":98}},"4":{"start":{"line":21,"column":6},"end":{"line":21,"column":17}},"5":{"start":{"line":23,"column":20},"end":{"line":23,"column":53}},"6":{"start":{"line":24,"column":34},"end":{"line":24,"column":52}},"7":{"start":{"line":26,"column":2},"end":{"line":46,"column":32}},"8":{"start":{"line":27,"column":4},"end":{"line":27,"column":27}},"9":{"start":{"line":27,"column":20},"end":{"line":27,"column":27}},"10":{"start":{"line":28,"column":17},"end":{"line":28,"column":21}},"11":{"start":{"line":30,"column":4},"end":{"line":43,"column":9}},"12":{"start":{"line":31,"column":6},"end":{"line":42,"column":7}},"13":{"start":{"line":32,"column":25},"end":{"line":34,"column":10}},"14":{"start":{"line":35,"column":23},"end":{"line":35,"column":39}},"15":{"start":{"line":36,"column":23},"end":{"line":36,"column":47}},"16":{"start":{"line":37,"column":23},"end":{"line":37,"column":62}},"17":{"start":{"line":38,"column":8},"end":{"line":38,"column":40}},"18":{"start":{"line":38,"column":20},"end":{"line":38,"column":40}},"19":{"start":{"line":40,"column":8},"end":{"line":40,"column":67}},"20":{"start":{"line":41,"column":8},"end":{"line":41,"column":42}},"21":{"start":{"line":41,"column":20},"end":{"line":41,"column":42}},"22":{"start":{"line":45,"column":4},"end":{"line":45,"column":37}},"23":{"start":{"line":45,"column":19},"end":{"line":45,"column":34}},"24":{"start":{"line":49,"column":4},"end":{"line":51,"column":7}},"25":{"start":{"line":53,"column":2},"end":{"line":88,"column":4}},"26":{"start":{"line":64,"column":27},"end":{"line":64,"column":57}},"27":{"start":{"line":91,"column":0},"end":{"line":99,"column":2}}},"fnMap":{"0":{"name":"(anonymous_0)","decl":{"start":{"line":11,"column":22},"end":{"line":11,"column":23}},"loc":{"start":{"line":12,"column":2},"end":{"line":12,"column":98}},"line":12},"1":{"name":"HotelCardItem","decl":{"start":{"line":14,"column":24},"end":{"line":14,"column":37}},"loc":{"start":{"line":14,"column":49},"end":{"line":89,"column":1}},"line":14},"2":{"name":"(anonymous_2)","decl":{"start":{"line":26,"column":12},"end":{"line":26,"column":13}},"loc":{"start":{"line":26,"column":18},"end":{"line":46,"column":3}},"line":26},"3":{"name":"(anonymous_3)","decl":{"start":{"line":30,"column":5},"end":{"line":30,"column":6}},"loc":{"start":{"line":30,"column":17},"end":{"line":43,"column":5}},"line":30},"4":{"name":"(anonymous_4)","decl":{"start":{"line":45,"column":11},"end":{"line":45,"column":12}},"loc":{"start":{"line":45,"column":17},"end":{"line":45,"column":36}},"line":45},"5":{"name":"(anonymous_5)","decl":{"start":{"line":64,"column":19},"end":{"line":64,"column":20}},"loc":{"start":{"line":64,"column":27},"end":{"line":64,"column":57}},"line":64}},"branchMap":{"0":{"loc":{"start":{"line":8,"column":17},"end":{"line":8,"column":60}},"type":"binary-expr","locations":[{"start":{"line":8,"column":17},"end":{"line":8,"column":46}},{"start":{"line":8,"column":50},"end":{"line":8,"column":60}}],"line":8},"1":{"loc":{"start":{"line":18,"column":4},"end":{"line":18,"column":37}},"type":"default-arg","locations":[{"start":{"line":18,"column":19},"end":{"line":18,"column":37}}],"line":18},"2":{"loc":{"start":{"line":21,"column":6},"end":{"line":21,"column":17}},"type":"binary-expr","locations":[{"start":{"line":21,"column":6},"end":{"line":21,"column":11}},{"start":{"line":21,"column":15},"end":{"line":21,"column":17}}],"line":21},"3":{"loc":{"start":{"line":23,"column":20},"end":{"line":23,"column":53}},"type":"binary-expr","locations":[{"start":{"line":23,"column":20},"end":{"line":23,"column":32}},{"start":{"line":23,"column":36},"end":{"line":23,"column":47}},{"start":{"line":23,"column":51},"end":{"line":23,"column":53}}],"line":23},"4":{"loc":{"start":{"line":27,"column":4},"end":{"line":27,"column":27}},"type":"if","locations":[{"start":{"line":27,"column":4},"end":{"line":27,"column":27}},{"start":{},"end":{}}],"line":27},"5":{"loc":{"start":{"line":37,"column":23},"end":{"line":37,"column":62}},"type":"cond-expr","locations":[{"start":{"line":37,"column":31},"end":{"line":37,"column":51}},{"start":{"line":37,"column":54},"end":{"line":37,"column":62}}],"line":37},"6":{"loc":{"start":{"line":38,"column":8},"end":{"line":38,"column":40}},"type":"if","locations":[{"start":{"line":38,"column":8},"end":{"line":38,"column":40}},{"start":{},"end":{}}],"line":38},"7":{"loc":{"start":{"line":40,"column":39},"end":{"line":40,"column":65}},"type":"binary-expr","locations":[{"start":{"line":40,"column":39},"end":{"line":40,"column":58}},{"start":{"line":40,"column":62},"end":{"line":40,"column":65}}],"line":40},"8":{"loc":{"start":{"line":41,"column":8},"end":{"line":41,"column":42}},"type":"if","locations":[{"start":{"line":41,"column":8},"end":{"line":41,"column":42}},{"start":{},"end":{}}],"line":41},"9":{"loc":{"start":{"line":67,"column":9},"end":{"line":71,"column":9}},"type":"binary-expr","locations":[{"start":{"line":67,"column":9},"end":{"line":67,"column":15}},{"start":{"line":68,"column":10},"end":{"line":70,"column":17}}],"line":67},"10":{"loc":{"start":{"line":81,"column":9},"end":{"line":85,"column":9}},"type":"binary-expr","locations":[{"start":{"line":81,"column":9},"end":{"line":81,"column":14}},{"start":{"line":82,"column":10},"end":{"line":84,"column":14}}],"line":81}},"s":{"0":1,"1":1,"2":1,"3":1,"4":2,"5":2,"6":2,"7":2,"8":1,"9":0,"10":1,"11":1,"12":1,"13":1,"14":1,"15":1,"16":1,"17":1,"18":1,"19":0,"20":0,"21":0,"22":1,"23":1,"24":2,"25":2,"26":0,"27":1},"f":{"0":1,"1":2,"2":1,"3":1,"4":1,"5":0},"b":{"0":[1,0],"1":[0],"2":[2,0],"3":[2,0,0],"4":[0,1],"5":[1,0],"6":[1,0],"7":[0,0],"8":[0,0],"9":[2,2],"10":[2,2]},"_coverageSchema":"1a1c01bbd47fc00a2c39e90264f33305004495a9","hash":"8a76ca55eb98dc170f7be8c9689cb64e3dc4baac"}
,"C:\\Users\\Mosmos\\ProjetM2\\TravelAI\\src\\view-trip\\components\\InfoSection.jsx": {"path":"C:\\Users\\Mosmos\\ProjetM2\\TravelAI\\src\\view-trip\\components\\InfoSection.jsx","statementMap":{"0":{"start":{"line":7,"column":34},"end":{"line":7,"column":48}},"1":{"start":{"line":9,"column":2},"end":{"line":16,"column":16}},"2":{"start":{"line":10,"column":18},"end":{"line":10,"column":22}},"3":{"start":{"line":11,"column":4},"end":{"line":14,"column":70}},"4":{"start":{"line":13,"column":23},"end":{"line":13,"column":53}},"5":{"start":{"line":13,"column":36},"end":{"line":13,"column":53}},"6":{"start":{"line":14,"column":21},"end":{"line":14,"column":66}},"7":{"start":{"line":14,"column":34},"end":{"line":14,"column":66}},"8":{"start":{"line":15,"column":4},"end":{"line":15,"column":38}},"9":{"start":{"line":15,"column":19},"end":{"line":15,"column":35}},"10":{"start":{"line":18,"column":2},"end":{"line":31,"column":4}},"11":{"start":{"line":34,"column":0},"end":{"line":37,"column":2}}},"fnMap":{"0":{"name":"InfoSection","decl":{"start":{"line":6,"column":24},"end":{"line":6,"column":35}},"loc":{"start":{"line":6,"column":55},"end":{"line":32,"column":1}},"line":6},"1":{"name":"(anonymous_1)","decl":{"start":{"line":9,"column":12},"end":{"line":9,"column":13}},"loc":{"start":{"line":9,"column":18},"end":{"line":16,"column":3}},"line":9},"2":{"name":"(anonymous_2)","decl":{"start":{"line":13,"column":12},"end":{"line":13,"column":13}},"loc":{"start":{"line":13,"column":21},"end":{"line":13,"column":55}},"line":13},"3":{"name":"(anonymous_3)","decl":{"start":{"line":14,"column":13},"end":{"line":14,"column":14}},"loc":{"start":{"line":14,"column":19},"end":{"line":14,"column":68}},"line":14},"4":{"name":"(anonymous_4)","decl":{"start":{"line":15,"column":11},"end":{"line":15,"column":12}},"loc":{"start":{"line":15,"column":17},"end":{"line":15,"column":37}},"line":15}},"branchMap":{"0":{"loc":{"start":{"line":13,"column":23},"end":{"line":13,"column":53}},"type":"if","locations":[{"start":{"line":13,"column":23},"end":{"line":13,"column":53}},{"start":{},"end":{}}],"line":13},"1":{"loc":{"start":{"line":14,"column":21},"end":{"line":14,"column":66}},"type":"if","locations":[{"start":{"line":14,"column":21},"end":{"line":14,"column":66}},{"start":{},"end":{}}],"line":14},"2":{"loc":{"start":{"line":20,"column":7},"end":{"line":29,"column":7}},"type":"cond-expr","locations":[{"start":{"line":21,"column":8},"end":{"line":21,"column":21}},{"start":{"line":24,"column":8},"end":{"line":28,"column":10}}],"line":20}},"s":{"0":2,"1":2,"2":1,"3":1,"4":1,"5":1,"6":0,"7":0,"8":1,"9":1,"10":2,"11":1},"f":{"0":2,"1":1,"2":1,"3":0,"4":1},"b":{"0":[1,0],"1":[0,0],"2":[1,1]},"_coverageSchema":"1a1c01bbd47fc00a2c39e90264f33305004495a9","hash":"07e0bdc64ce24dc41f320f38055aa1217bb3414b"}
,"C:\\Users\\Mosmos\\ProjetM2\\TravelAI\\src\\view-trip\\components\\PlaceCardItem.jsx": {"path":"C:\\Users\\Mosmos\\ProjetM2\\TravelAI\\src\\view-trip\\components\\PlaceCardItem.jsx","statementMap":{"0":{"start":{"line":10,"column":17},"end":{"line":10,"column":60}},"1":{"start":{"line":11,"column":17},"end":{"line":11,"column":35}},"2":{"start":{"line":13,"column":22},"end":{"line":14,"column":96}},"3":{"start":{"line":14,"column":2},"end":{"line":14,"column":96}},"4":{"start":{"line":23,"column":34},"end":{"line":23,"column":52}},"5":{"start":{"line":24,"column":32},"end":{"line":24,"column":45}},"6":{"start":{"line":26,"column":2},"end":{"line":56,"column":36}},"7":{"start":{"line":27,"column":4},"end":{"line":27,"column":27}},"8":{"start":{"line":27,"column":20},"end":{"line":27,"column":27}},"9":{"start":{"line":28,"column":17},"end":{"line":28,"column":82}},"10":{"start":{"line":30,"column":17},"end":{"line":30,"column":21}},"11":{"start":{"line":31,"column":4},"end":{"line":53,"column":9}},"12":{"start":{"line":32,"column":6},"end":{"line":52,"column":7}},"13":{"start":{"line":33,"column":25},"end":{"line":33,"column":67}},"14":{"start":{"line":34,"column":22},"end":{"line":34,"column":38}},"15":{"start":{"line":35,"column":8},"end":{"line":35,"column":27}},"16":{"start":{"line":35,"column":20},"end":{"line":35,"column":27}},"17":{"start":{"line":37,"column":26},"end":{"line":37,"column":49}},"18":{"start":{"line":38,"column":8},"end":{"line":38,"column":79}},"19":{"start":{"line":40,"column":40},"end":{"line":40,"column":60}},"20":{"start":{"line":41,"column":22},"end":{"line":43,"column":89}},"21":{"start":{"line":44,"column":8},"end":{"line":44,"column":36}},"22":{"start":{"line":46,"column":8},"end":{"line":46,"column":72}},"23":{"start":{"line":47,"column":8},"end":{"line":47,"column":40}},"24":{"start":{"line":48,"column":8},"end":{"line":51,"column":12}},"25":{"start":{"line":55,"column":4},"end":{"line":55,"column":37}},"26":{"start":{"line":55,"column":19},"end":{"line":55,"column":34}},"27":{"start":{"line":58,"column":2},"end":{"line":89,"column":4}},"28":{"start":{"line":63,"column":25},"end":{"line":63,"column":55}},"29":{"start":{"line":92,"column":0},"end":{"line":98,"column":2}}},"fnMap":{"0":{"name":"(anonymous_0)","decl":{"start":{"line":13,"column":22},"end":{"line":13,"column":23}},"loc":{"start":{"line":14,"column":2},"end":{"line":14,"column":96}},"line":14},"1":{"name":"PlaceCardItem","decl":{"start":{"line":16,"column":24},"end":{"line":16,"column":37}},"loc":{"start":{"line":22,"column":3},"end":{"line":90,"column":1}},"line":22},"2":{"name":"(anonymous_2)","decl":{"start":{"line":26,"column":12},"end":{"line":26,"column":13}},"loc":{"start":{"line":26,"column":18},"end":{"line":56,"column":3}},"line":26},"3":{"name":"(anonymous_3)","decl":{"start":{"line":31,"column":5},"end":{"line":31,"column":6}},"loc":{"start":{"line":31,"column":17},"end":{"line":53,"column":5}},"line":31},"4":{"name":"(anonymous_4)","decl":{"start":{"line":55,"column":11},"end":{"line":55,"column":12}},"loc":{"start":{"line":55,"column":17},"end":{"line":55,"column":36}},"line":55},"5":{"name":"(anonymous_5)","decl":{"start":{"line":63,"column":17},"end":{"line":63,"column":18}},"loc":{"start":{"line":63,"column":25},"end":{"line":63,"column":55}},"line":63}},"branchMap":{"0":{"loc":{"start":{"line":10,"column":17},"end":{"line":10,"column":60}},"type":"binary-expr","locations":[{"start":{"line":10,"column":17},"end":{"line":10,"column":46}},{"start":{"line":10,"column":50},"end":{"line":10,"column":60}}],"line":10},"1":{"loc":{"start":{"line":27,"column":4},"end":{"line":27,"column":27}},"type":"if","locations":[{"start":{"line":27,"column":4},"end":{"line":27,"column":27}},{"start":{},"end":{}}],"line":27},"2":{"loc":{"start":{"line":28,"column":17},"end":{"line":28,"column":82}},"type":"cond-expr","locations":[{"start":{"line":28,"column":36},"end":{"line":28,"column":70}},{"start":{"line":28,"column":73},"end":{"line":28,"column":82}}],"line":28},"3":{"loc":{"start":{"line":35,"column":8},"end":{"line":35,"column":27}},"type":"if","locations":[{"start":{"line":35,"column":8},"end":{"line":35,"column":27}},{"start":{},"end":{}}],"line":35},"4":{"loc":{"start":{"line":38,"column":8},"end":{"line":38,"column":78}},"type":"binary-expr","locations":[{"start":{"line":38,"column":8},"end":{"line":38,"column":14}},{"start":{"line":38,"column":18},"end":{"line":38,"column":78}}],"line":38},"5":{"loc":{"start":{"line":38,"column":30},"end":{"line":38,"column":77}},"type":"cond-expr","locations":[{"start":{"line":38,"column":42},"end":{"line":38,"column":66}},{"start":{"line":38,"column":69},"end":{"line":38,"column":77}}],"line":38},"6":{"loc":{"start":{"line":40,"column":40},"end":{"line":40,"column":60}},"type":"binary-expr","locations":[{"start":{"line":40,"column":40},"end":{"line":40,"column":54}},{"start":{"line":40,"column":58},"end":{"line":40,"column":60}}],"line":40},"7":{"loc":{"start":{"line":41,"column":22},"end":{"line":43,"column":89}},"type":"cond-expr","locations":[{"start":{"line":42,"column":12},"end":{"line":42,"column":86}},{"start":{"line":43,"column":12},"end":{"line":43,"column":89}}],"line":41},"8":{"loc":{"start":{"line":44,"column":8},"end":{"line":44,"column":35}},"type":"binary-expr","locations":[{"start":{"line":44,"column":8},"end":{"line":44,"column":14}},{"start":{"line":44,"column":18},"end":{"line":44,"column":35}}],"line":44},"9":{"loc":{"start":{"line":46,"column":44},"end":{"line":46,"column":70}},"type":"binary-expr","locations":[{"start":{"line":46,"column":44},"end":{"line":46,"column":63}},{"start":{"line":46,"column":67},"end":{"line":46,"column":70}}],"line":46},"10":{"loc":{"start":{"line":47,"column":8},"end":{"line":47,"column":39}},"type":"binary-expr","locations":[{"start":{"line":47,"column":8},"end":{"line":47,"column":14}},{"start":{"line":47,"column":18},"end":{"line":47,"column":39}}],"line":47},"11":{"loc":{"start":{"line":48,"column":8},"end":{"line":51,"column":11}},"type":"binary-expr","locations":[{"start":{"line":48,"column":8},"end":{"line":48,"column":14}},{"start":{"line":49,"column":10},"end":{"line":51,"column":11}}],"line":48},"12":{"loc":{"start":{"line":68,"column":9},"end":{"line":70,"column":9}},"type":"binary-expr","locations":[{"start":{"line":68,"column":9},"end":{"line":68,"column":18}},{"start":{"line":69,"column":10},"end":{"line":69,"column":83}}],"line":68}},"s":{"0":1,"1":1,"2":1,"3":1,"4":2,"5":2,"6":2,"7":1,"8":0,"9":1,"10":1,"11":1,"12":1,"13":1,"14":1,"15":1,"16":0,"17":1,"18":1,"19":1,"20":1,"21":1,"22":0,"23":0,"24":0,"25":1,"26":1,"27":2,"28":0,"29":1},"f":{"0":1,"1":2,"2":1,"3":1,"4":1,"5":0},"b":{"0":[1,0],"1":[0,1],"2":[1,0],"3":[0,1],"4":[1,1],"5":[1,0],"6":[1,0],"7":[1,0],"8":[1,1],"9":[0,0],"10":[0,0],"11":[0,0],"12":[2,2]},"_coverageSchema":"1a1c01bbd47fc00a2c39e90264f33305004495a9","hash":"ac9a1f92764c59e2b5c2ae6944cd59cb22a2c134"}
,"C:\\Users\\Mosmos\\ProjetM2\\TravelAI\\src\\view-trip\\components\\PlacesToVisit.jsx": {"path":"C:\\Users\\Mosmos\\ProjetM2\\TravelAI\\src\\view-trip\\components\\PlacesToVisit.jsx","statementMap":{"0":{"start":{"line":6,"column":19},"end":{"line":6,"column":73}},"1":{"start":{"line":9,"column":34},"end":{"line":9,"column":54}},"2":{"start":{"line":10,"column":27},"end":{"line":10,"column":69}},"3":{"start":{"line":12,"column":2},"end":{"line":18,"column":3}},"4":{"start":{"line":13,"column":4},"end":{"line":17,"column":6}},"5":{"start":{"line":20,"column":2},"end":{"line":53,"column":4}},"6":{"start":{"line":23,"column":24},"end":{"line":27,"column":10}},"7":{"start":{"line":24,"column":21},"end":{"line":24,"column":71}},"8":{"start":{"line":25,"column":21},"end":{"line":25,"column":71}},"9":{"start":{"line":26,"column":10},"end":{"line":26,"column":25}},"10":{"start":{"line":29,"column":8},"end":{"line":50,"column":10}},"11":{"start":{"line":42,"column":16},"end":{"line":46,"column":18}},"12":{"start":{"line":56,"column":0},"end":{"line":65,"column":2}}},"fnMap":{"0":{"name":"PlacesToVisit","decl":{"start":{"line":8,"column":24},"end":{"line":8,"column":37}},"loc":{"start":{"line":8,"column":48},"end":{"line":54,"column":1}},"line":8},"1":{"name":"(anonymous_1)","decl":{"start":{"line":22,"column":26},"end":{"line":22,"column":27}},"loc":{"start":{"line":22,"column":64},"end":{"line":51,"column":7}},"line":22},"2":{"name":"(anonymous_2)","decl":{"start":{"line":23,"column":53},"end":{"line":23,"column":54}},"loc":{"start":{"line":23,"column":63},"end":{"line":27,"column":9}},"line":23},"3":{"name":"(anonymous_3)","decl":{"start":{"line":41,"column":27},"end":{"line":41,"column":28}},"loc":{"start":{"line":42,"column":16},"end":{"line":46,"column":18}},"line":42}},"branchMap":{"0":{"loc":{"start":{"line":9,"column":10},"end":{"line":9,"column":29}},"type":"default-arg","locations":[{"start":{"line":9,"column":27},"end":{"line":9,"column":29}}],"line":9},"1":{"loc":{"start":{"line":9,"column":34},"end":{"line":9,"column":54}},"type":"binary-expr","locations":[{"start":{"line":9,"column":34},"end":{"line":9,"column":48}},{"start":{"line":9,"column":52},"end":{"line":9,"column":54}}],"line":9},"2":{"loc":{"start":{"line":10,"column":27},"end":{"line":10,"column":69}},"type":"binary-expr","locations":[{"start":{"line":10,"column":27},"end":{"line":10,"column":63}},{"start":{"line":10,"column":67},"end":{"line":10,"column":69}}],"line":10},"3":{"loc":{"start":{"line":12,"column":2},"end":{"line":18,"column":3}},"type":"if","locations":[{"start":{"line":12,"column":2},"end":{"line":18,"column":3}},{"start":{},"end":{}}],"line":12},"4":{"loc":{"start":{"line":23,"column":29},"end":{"line":23,"column":45}},"type":"binary-expr","locations":[{"start":{"line":23,"column":29},"end":{"line":23,"column":39}},{"start":{"line":23,"column":43},"end":{"line":23,"column":45}}],"line":23},"5":{"loc":{"start":{"line":24,"column":21},"end":{"line":24,"column":71}},"type":"binary-expr","locations":[{"start":{"line":24,"column":21},"end":{"line":24,"column":65}},{"start":{"line":24,"column":69},"end":{"line":24,"column":71}}],"line":24},"6":{"loc":{"start":{"line":25,"column":21},"end":{"line":25,"column":71}},"type":"binary-expr","locations":[{"start":{"line":25,"column":21},"end":{"line":25,"column":65}},{"start":{"line":25,"column":69},"end":{"line":25,"column":71}}],"line":25},"7":{"loc":{"start":{"line":33,"column":15},"end":{"line":37,"column":15}},"type":"binary-expr","locations":[{"start":{"line":33,"column":15},"end":{"line":33,"column":20}},{"start":{"line":34,"column":16},"end":{"line":36,"column":23}}],"line":33}},"s":{"0":1,"1":2,"2":2,"3":2,"4":1,"5":1,"6":1,"7":6,"8":6,"9":6,"10":1,"11":4,"12":1},"f":{"0":2,"1":1,"2":6,"3":4},"b":{"0":[0],"1":[2,0],"2":[2,1],"3":[1,1],"4":[1,0],"5":[6,0],"6":[6,0],"7":[1,1]},"_coverageSchema":"1a1c01bbd47fc00a2c39e90264f33305004495a9","hash":"66e2fc1a3fa4603c55b736b629102db8100c9651"}
}
