TN:
SF:src\components\custom\Header.jsx
FN:48,downloadJSON
FN:79,Header
FN:81,(anonymous_2)
FN:102,(anonymous_3)
FN:103,(anonymous_4)
FN:112,(anonymous_5)
FN:123,(anonymous_6)
FN:129,handleProfile
FN:146,(anonymous_8)
FN:155,(anonymous_9)
FN:167,(anonymous_10)
FN:174,(anonymous_11)
FN:187,(anonymous_12)
FN:200,(anonymous_13)
FN:210,(anonymous_14)
FN:287,(anonymous_15)
FN:298,(anonymous_16)
FN:327,(anonymous_17)
FN:360,(anonymous_18)
FN:395,(anonymous_19)
FN:401,(anonymous_20)
FNF:21
FNH:9
FNDA:0,downloadJSON
FNDA:5,Header
FNDA:2,(anonymous_2)
FNDA:2,(anonymous_3)
FNDA:1,(anonymous_4)
FNDA:2,(anonymous_5)
FNDA:0,(anonymous_6)
FNDA:0,handleProfile
FNDA:0,(anonymous_8)
FNDA:1,(anonymous_9)
FNDA:1,(anonymous_10)
FNDA:0,(anonymous_11)
FNDA:0,(anonymous_12)
FNDA:0,(anonymous_13)
FNDA:0,(anonymous_14)
FNDA:0,(anonymous_15)
FNDA:1,(anonymous_16)
FNDA:1,(anonymous_17)
FNDA:0,(anonymous_18)
FNDA:0,(anonymous_19)
FNDA:0,(anonymous_20)
DA:49,0
DA:52,0
DA:53,0
DA:54,0
DA:55,0
DA:56,0
DA:57,0
DA:58,0
DA:59,0
DA:66,1
DA:70,1
DA:73,1
DA:81,5
DA:82,2
DA:83,2
DA:85,0
DA:90,5
DA:91,5
DA:92,5
DA:93,5
DA:94,5
DA:95,5
DA:97,5
DA:102,5
DA:103,2
DA:104,1
DA:105,1
DA:107,0
DA:110,2
DA:111,2
DA:112,2
DA:113,2
DA:114,2
DA:121,5
DA:123,0
DA:130,0
DA:131,0
DA:134,0
DA:135,0
DA:136,0
DA:137,0
DA:139,0
DA:146,5
DA:147,0
DA:148,0
DA:149,0
DA:151,0
DA:152,0
DA:155,5
DA:156,1
DA:157,0
DA:158,0
DA:160,1
DA:161,1
DA:167,5
DA:168,1
DA:169,1
DA:170,1
DA:171,1
DA:174,5
DA:175,0
DA:176,0
DA:177,0
DA:178,0
DA:180,0
DA:181,0
DA:185,0
DA:186,0
DA:187,0
DA:189,0
DA:190,0
DA:191,0
DA:193,0
DA:200,5
DA:201,0
DA:202,0
DA:203,0
DA:205,0
DA:209,0
DA:210,0
DA:212,0
DA:213,0
DA:215,0
DA:216,0
DA:219,0
DA:220,0
DA:222,0
DA:227,5
DA:287,0
DA:298,1
DA:328,1
DA:329,1
DA:361,0
DA:362,0
DA:395,0
DA:401,0
LF:96
LH:39
BRDA:48,0,0,0
BRDA:70,1,0,0
BRDA:70,1,1,1
BRDA:70,2,0,1
BRDA:70,2,1,1
BRDA:73,3,0,1
BRDA:73,3,1,0
BRDA:83,4,0,2
BRDA:83,4,1,1
BRDA:105,5,0,1
BRDA:105,5,1,1
BRDA:125,6,0,0
BRDA:125,6,1,5
BRDA:147,7,0,0
BRDA:147,7,1,0
BRDA:156,8,0,0
BRDA:156,8,1,1
BRDA:160,9,0,0
BRDA:160,9,1,1
BRDA:175,10,0,0
BRDA:175,10,1,0
BRDA:176,11,0,0
BRDA:176,11,1,0
BRDA:201,12,0,0
BRDA:201,12,1,0
BRDA:212,13,0,0
BRDA:212,13,1,0
BRDA:241,14,0,5
BRDA:241,14,1,1
BRDA:249,15,0,1
BRDA:249,15,1,4
BRDA:278,16,0,0
BRDA:278,16,1,1
BRDA:345,17,0,5
BRDA:345,17,1,0
BRDA:354,18,0,5
BRDA:354,18,1,0
BRF:37
BRH:18
end_of_record
TN:
SF:src\components\custom\Hero.jsx
FN:6,Hero
FNF:1
FNH:1
FNDA:1,Hero
DA:7,1
LF:1
LH:1
BRF:0
BRH:0
end_of_record
TN:
SF:src\components\pages\CookieSettings.jsx
FN:4,CookieSettings
FNF:1
FNH:1
FNDA:1,CookieSettings
DA:5,1
LF:1
LH:1
BRF:0
BRH:0
end_of_record
TN:
SF:src\components\pages\LegalMentions.jsx
FN:4,LegalMentions
FNF:1
FNH:1
FNDA:1,LegalMentions
DA:5,1
LF:1
LH:1
BRF:0
BRH:0
end_of_record
TN:
SF:src\components\pages\PrivacyPolicy.jsx
FN:4,PrivacyPolicy
FNF:1
FNH:1
FNDA:1,PrivacyPolicy
DA:5,1
LF:1
LH:1
BRF:0
BRH:0
end_of_record
TN:
SF:src\components\ui\CookiesConsent.jsx
FN:9,CookieConsent
FN:11,(anonymous_1)
FN:23,(anonymous_2)
FN:29,(anonymous_3)
FN:35,(anonymous_4)
FN:37,(anonymous_5)
FN:79,(anonymous_6)
FN:89,(anonymous_7)
FNF:8
FNH:3
FNDA:3,CookieConsent
FNDA:2,(anonymous_1)
FNDA:1,(anonymous_2)
FNDA:0,(anonymous_3)
FNDA:0,(anonymous_4)
FNDA:0,(anonymous_5)
FNDA:0,(anonymous_6)
FNDA:0,(anonymous_7)
DA:3,1
DA:11,3
DA:12,2
DA:13,2
DA:14,2
DA:16,0
DA:21,3
DA:23,2
DA:24,1
DA:25,1
DA:26,1
DA:29,2
DA:30,0
DA:31,0
DA:32,0
DA:35,2
DA:37,2
DA:38,0
DA:39,0
DA:40,0
DA:43,2
DA:80,0
DA:81,0
DA:82,0
DA:90,0
DA:91,0
LF:26
LH:14
BRDA:14,0,0,0
BRDA:14,0,1,2
BRDA:21,1,0,1
BRDA:21,1,1,2
BRDA:21,2,0,3
BRDA:21,2,1,1
BRDA:46,3,0,2
BRDA:46,3,1,0
BRF:8
BRH:6
end_of_record
TN:
SF:src\components\ui\button.tsx
FN:36,Button
FNF:1
FNH:1
FNDA:31,Button
DA:7,5
DA:36,5
DA:40,31
DA:41,31
LF:4
LH:4
BRDA:37,0,0,31
BRDA:40,1,0,0
BRDA:40,1,1,31
BRF:3
BRH:2
end_of_record
TN:
SF:src\components\ui\dialog.tsx
FN:12,(anonymous_0)
FN:23,(anonymous_1)
FN:46,(anonymous_2)
FN:52,(anonymous_3)
FN:63,(anonymous_4)
FNF:5
FNH:5
FNDA:29,(anonymous_0)
FNDA:21,(anonymous_1)
FNDA:6,(anonymous_2)
FNDA:6,(anonymous_3)
FNDA:6,(anonymous_4)
DA:6,2
DA:7,2
DA:8,2
DA:9,2
DA:11,2
DA:13,29
DA:20,2
DA:22,2
DA:24,21
DA:44,2
DA:46,2
DA:47,6
DA:49,2
DA:51,2
DA:53,6
DA:60,2
DA:62,2
DA:64,6
DA:71,2
LF:19
LH:19
BRF:0
BRH:0
end_of_record
TN:
SF:src\components\ui\input.tsx
FN:6,(anonymous_0)
FNF:1
FNH:1
FNDA:11,(anonymous_0)
DA:5,1
DA:7,11
DA:20,1
LF:3
LH:3
BRF:0
BRH:0
end_of_record
TN:
SF:src\components\ui\popover.tsx
FN:10,(anonymous_0)
FNF:1
FNH:1
FNDA:1,(anonymous_0)
DA:6,1
DA:7,1
DA:9,1
DA:14,1
DA:34,1
LF:5
LH:5
BRDA:11,0,0,0
BRDA:11,1,0,1
BRF:2
BRH:1
end_of_record
TN:
SF:src\create-trip\index.jsx
FN:35,CreateTrip
FN:47,(anonymous_1)
FN:47,(anonymous_2)
FN:50,(anonymous_3)
FN:70,(anonymous_4)
FN:75,generateTrip
FN:141,(anonymous_6)
FN:161,(anonymous_7)
FN:172,(anonymous_8)
FN:176,(anonymous_9)
FN:194,(anonymous_10)
FN:198,(anonymous_11)
FN:257,(anonymous_12)
FN:281,(anonymous_13)
FNF:14
FNH:13
FNDA:13,CreateTrip
FNDA:4,(anonymous_1)
FNDA:4,(anonymous_2)
FNDA:1,(anonymous_3)
FNDA:0,(anonymous_4)
FNDA:4,generateTrip
FNDA:1,(anonymous_6)
FNDA:1,(anonymous_7)
FNDA:13,(anonymous_8)
FNDA:1,(anonymous_9)
FNDA:13,(anonymous_10)
FNDA:1,(anonymous_11)
FNDA:1,(anonymous_12)
FNDA:2,(anonymous_13)
DA:36,13
DA:37,13
DA:38,13
DA:39,13
DA:40,13
DA:41,13
DA:44,13
DA:46,13
DA:47,13
DA:49,13
DA:51,1
DA:52,1
DA:55,1
DA:56,1
DA:58,1
DA:64,1
DA:65,1
DA:67,0
DA:70,0
DA:76,4
DA:78,4
DA:79,1
DA:80,1
DA:83,3
DA:84,3
DA:85,2
DA:86,2
DA:87,2
DA:90,1
DA:95,1
DA:96,1
DA:98,1
DA:99,1
DA:106,1
DA:108,0
DA:109,0
DA:111,1
DA:115,13
DA:142,1
DA:143,1
DA:161,1
DA:173,13
DA:176,1
DA:195,13
DA:198,1
DA:258,1
DA:259,1
DA:282,2
DA:283,1
DA:284,1
DA:286,1
LF:51
LH:47
BRDA:78,0,0,1
BRDA:78,0,1,3
BRDA:84,1,0,2
BRDA:84,1,1,1
BRDA:84,2,0,3
BRDA:84,2,1,1
BRDA:84,2,2,1
BRDA:84,2,3,1
BRDA:178,3,0,6
BRDA:178,3,1,7
BRDA:200,4,0,5
BRDA:200,4,1,8
BRDA:222,5,0,3
BRDA:222,5,1,10
BRDA:276,6,0,13
BRDA:276,6,1,1
BRDA:282,7,0,1
BRDA:282,7,1,1
BRF:18
BRH:18
end_of_record
TN:
SF:src\lib\meta-env.js
FN:8,getEnv
FNF:1
FNH:1
FNDA:4,getEnv
DA:10,4
DA:17,4
DA:23,4
LF:3
LH:3
BRDA:8,0,0,1
BRDA:10,1,0,1
BRDA:10,1,1,3
BRDA:10,2,0,4
BRDA:10,2,1,4
BRDA:10,2,2,1
BRDA:17,3,0,2
BRDA:17,3,1,2
BRDA:17,4,0,4
BRDA:17,4,1,4
BRDA:17,4,2,3
BRDA:23,5,0,4
BRDA:23,5,1,3
BRDA:23,5,2,1
BRF:14
BRH:14
end_of_record
TN:
SF:src\lib\utils.ts
FN:9,cn
FNF:1
FNH:1
FNDA:111,cn
DA:10,111
LF:1
LH:1
BRF:0
BRH:0
end_of_record
TN:
SF:src\my-trips\index.jsx
FN:8,MyTrips
FN:13,(anonymous_1)
FN:14,(anonymous_2)
FN:22,(anonymous_3)
FN:42,(anonymous_4)
FN:51,(anonymous_5)
FNF:6
FNH:5
FNDA:3,MyTrips
FNDA:2,(anonymous_1)
FNDA:2,(anonymous_2)
FNDA:2,(anonymous_3)
FNDA:0,(anonymous_4)
FNDA:2,(anonymous_5)
DA:9,3
DA:10,3
DA:13,3
DA:14,2
DA:15,2
DA:16,2
DA:18,1
DA:19,1
DA:22,2
DA:27,3
DA:42,0
DA:52,2
LF:12
LH:11
BRDA:16,0,0,1
BRDA:16,0,1,1
BRDA:36,1,0,2
BRDA:36,1,1,1
BRF:4
BRH:4
end_of_record
TN:
SF:src\my-trips\components\UserTripCardItem.jsx
FN:17,UserTripCardItem
FN:20,(anonymous_1)
FN:26,fetchPhoto
FN:48,(anonymous_3)
FNF:4
FNH:3
FNDA:2,UserTripCardItem
FNDA:1,(anonymous_1)
FNDA:1,fetchPhoto
FNDA:0,(anonymous_3)
DA:8,1
DA:12,1
DA:14,1
DA:18,2
DA:20,2
DA:21,1
DA:22,1
DA:27,1
DA:28,1
DA:29,1
DA:30,1
DA:31,1
DA:32,1
DA:34,0
DA:38,2
DA:39,2
DA:41,2
DA:48,0
LF:18
LH:16
BRDA:22,0,0,1
BRDA:22,0,1,0
BRDA:30,1,0,0
BRDA:30,1,1,1
BRDA:38,2,0,2
BRDA:38,2,1,0
BRDA:39,3,0,2
BRDA:39,3,1,0
BRF:8
BRH:4
end_of_record
TN:
SF:src\view-trip\components\Hotels.jsx
FN:5,Hotels
FN:15,(anonymous_1)
FNF:2
FNH:2
FNDA:2,Hotels
FNDA:2,(anonymous_1)
DA:6,2
DA:7,2
DA:9,2
DA:11,1
DA:16,2
DA:26,1
LF:6
LH:6
BRDA:6,0,0,2
BRDA:6,0,1,0
BRDA:7,1,0,2
BRDA:7,1,1,0
BRDA:9,2,0,1
BRDA:9,2,1,1
BRDA:17,3,0,2
BRDA:17,3,1,0
BRDA:17,3,2,0
BRF:9
BRH:5
end_of_record
TN:
SF:src\view-trip\components\InfoSection.jsx
FN:17,(anonymous_0)
FN:20,(anonymous_1)
FN:25,preload
FN:26,(anonymous_3)
FN:28,(anonymous_4)
FN:34,urlFromPhotoName
FN:43,resolvePhoto
FN:85,InfoSection
FN:90,(anonymous_8)
FN:92,(anonymous_9)
FN:96,(anonymous_10)
FN:120,(anonymous_11)
FNF:12
FNH:8
FNDA:0,(anonymous_0)
FNDA:0,(anonymous_1)
FNDA:1,preload
FNDA:1,(anonymous_3)
FNDA:1,(anonymous_4)
FNDA:0,urlFromPhotoName
FNDA:2,resolvePhoto
FNDA:4,InfoSection
FNDA:2,(anonymous_8)
FNDA:2,(anonymous_9)
FNDA:2,(anonymous_10)
FNDA:0,(anonymous_11)
DA:11,1
DA:15,1
DA:17,1
DA:18,0
DA:20,1
DA:21,0
DA:26,1
DA:27,1
DA:28,1
DA:29,1
DA:30,1
DA:35,0
DA:36,0
DA:37,0
DA:38,0
DA:39,0
DA:40,0
DA:45,2
DA:46,1
DA:47,1
DA:48,1
DA:49,1
DA:50,1
DA:58,1
DA:59,1
DA:60,1
DA:61,1
DA:62,1
DA:63,0
DA:64,0
DA:65,0
DA:66,0
DA:67,0
DA:70,0
DA:71,0
DA:72,0
DA:73,0
DA:82,1
DA:86,4
DA:87,4
DA:88,4
DA:90,4
DA:91,2
DA:92,2
DA:93,2
DA:94,2
DA:96,2
DA:97,2
DA:101,4
DA:102,0
DA:109,4
DA:110,4
DA:111,4
DA:113,4
DA:121,0
DA:161,1
LF:56
LH:37
BRDA:11,0,0,1
BRDA:11,0,1,0
BRDA:11,0,2,0
BRDA:35,1,0,0
BRDA:35,1,1,0
BRDA:39,2,0,0
BRDA:39,2,1,0
BRDA:45,3,0,1
BRDA:45,3,1,1
BRDA:48,4,0,1
BRDA:48,4,1,0
BRDA:58,5,0,1
BRDA:58,5,1,0
BRDA:62,6,0,0
BRDA:62,6,1,1
BRDA:64,7,0,0
BRDA:64,7,1,0
BRDA:70,8,0,0
BRDA:70,8,1,0
BRDA:87,9,0,4
BRDA:87,9,1,2
BRDA:87,9,2,0
BRDA:94,10,0,2
BRDA:94,10,1,0
BRDA:94,11,0,2
BRDA:94,11,1,0
BRDA:101,12,0,0
BRDA:101,12,1,4
BRDA:101,13,0,4
BRDA:101,13,1,2
BRDA:115,14,0,2
BRDA:115,14,1,2
BRDA:118,15,0,2
BRDA:118,15,1,0
BRDA:130,16,0,4
BRDA:130,16,1,2
BRDA:135,17,0,2
BRDA:135,17,1,2
BRDA:140,18,0,2
BRDA:140,18,1,2
BRDA:145,19,0,2
BRDA:145,19,1,2
BRF:42
BRH:24
end_of_record
TN:
SF:src\view-trip\components\PlaceCardItem.jsx
FN:14,(anonymous_0)
FN:17,PlaceCardItem
FN:27,(anonymous_2)
FN:32,(anonymous_3)
FN:56,(anonymous_4)
FN:66,(anonymous_5)
FNF:6
FNH:5
FNDA:1,(anonymous_0)
FNDA:4,PlaceCardItem
FNDA:2,(anonymous_2)
FNDA:2,(anonymous_3)
FNDA:2,(anonymous_4)
FNDA:0,(anonymous_5)
DA:11,1
DA:12,1
DA:14,1
DA:15,1
DA:24,4
DA:25,4
DA:27,4
DA:28,2
DA:29,2
DA:31,2
DA:32,2
DA:33,2
DA:34,2
DA:35,2
DA:36,2
DA:38,2
DA:39,2
DA:41,2
DA:42,2
DA:45,2
DA:47,0
DA:48,0
DA:49,0
DA:56,2
DA:57,2
DA:61,4
DA:66,0
DA:97,1
LF:28
LH:24
BRDA:28,0,0,0
BRDA:28,0,1,2
BRDA:29,1,0,2
BRDA:29,1,1,0
BRDA:36,2,0,0
BRDA:36,2,1,2
BRDA:39,3,0,2
BRDA:39,3,1,2
BRDA:39,4,0,1
BRDA:39,4,1,1
BRDA:41,5,0,2
BRDA:41,5,1,1
BRDA:42,6,0,1
BRDA:42,6,1,1
BRDA:45,7,0,2
BRDA:45,7,1,2
BRDA:47,8,0,0
BRDA:47,8,1,0
BRDA:48,9,0,0
BRDA:48,9,1,0
BRDA:49,10,0,0
BRDA:49,10,1,0
BRDA:71,11,0,4
BRDA:71,11,1,0
BRF:24
BRH:14
end_of_record
TN:
SF:src\view-trip\components\PlacesToVisit.jsx
FN:8,PlacesToVisit
FN:22,(anonymous_1)
FN:23,(anonymous_2)
FN:41,(anonymous_3)
FNF:4
FNH:4
FNDA:2,PlacesToVisit
FNDA:1,(anonymous_1)
FNDA:6,(anonymous_2)
FNDA:4,(anonymous_3)
DA:6,1
DA:9,2
DA:10,2
DA:12,2
DA:13,1
DA:20,1
DA:23,1
DA:24,6
DA:25,6
DA:26,6
DA:29,1
DA:42,4
DA:56,1
LF:13
LH:13
BRDA:9,0,0,0
BRDA:9,1,0,2
BRDA:9,1,1,0
BRDA:10,2,0,2
BRDA:10,2,1,1
BRDA:12,3,0,1
BRDA:12,3,1,1
BRDA:23,4,0,1
BRDA:23,4,1,0
BRDA:24,5,0,6
BRDA:24,5,1,0
BRDA:25,6,0,6
BRDA:25,6,1,0
BRDA:33,7,0,1
BRDA:33,7,1,1
BRF:15
BRH:10
end_of_record
